+---------------------------------------------------------------------+
|  Log file: mau.characterize.log                                     |
|  Compiler version: 9.7.0 (da5115f)                                  |
|  Created on: Mon Mar  6 11:49:48 2023                               |
|  Run ID: 951e9c1727bad8a6                                           |
+---------------------------------------------------------------------+

Match+Action Resource Usage
-----------------------------------------------------------------------------------------------------------------------------------------------------------------------------------------------------------------------------------------------------------------------------------------------------------------------------------
|                1                |    2    |   3    |    4    |  5   |        6        |   7   |         8          |      9      |    10   |   11  |          12         |      13      |      14      |      15      |   16   |      17     |      18      |      19      |       20      |        21       |        22       |
|              Table              |   Dir   | Stage  |    P4   | Mem  |      Total      | Total |       Table        |    Match    |   TCAM  |  SRAM |        Match        |     Imm.     |     TCAM     |     SRAM     |   P4   |    Action   |    Ideal     |    Actual    |      TCAM     |       SRAM      |       SRAM      |
|               Name              |         |        |  Lookup | Type |      SRAMs      | TCAMs |      Entries       |     Bits    |  Over-  | Over- |       Overhead      |    Action    |     Bits     |     Bits     | Action |     Bits    |    Match     |    Match     |     Match     |      Match      |      Action     |
|                                 |         |        | Type(s) |      | TOT(M/A/S/MT/I) |       |     Requested      |     Per     |   head  |  head |      Structure      |     Data     |     Per      |     Per      |  Bits  |     Per     |   Entries-   |   Entries-   |    Packing    |     Packing     |     Packing     |
|                                 |         |        |         |      |     (legend     |       |         /          |    Entry    |   Bits  |  Bits | NT/AI/AD/M/S/SL/V/I |      in      |    Entry     |    Entry     |        |    Entry    |    Number    |    Number    |      Eff.     |       Eff.      |       Eff.      |
|                                 |         |        |         |      |      below)     |       |     Allocated      |  R/A(diff)  |   Per   |  Per  |       (legend       |   Overhead   |  R/A(diff)   |  R/A(diff)   |        |  R/A(diff)  |     Per      |     Per      |     Ideal/    |      Ideal/     |      Ideal/     |
|                                 |         |        |         |      |                 |       |       (diff)       |             |  Entry  | Entry |        below)       |  R/A(diff)   |              |              |        |             |    Memory    |    Memory    |     Actual    |      Actual     |      Actual     |
|                                 |         |        |         |      |                 |       |                    |             | ver/vld |       |                     |              |              |              |        |             |    Units     |    Units     |               |                 |                 |
|                                 |         |        |         |      |                 |       |                    |             |         |       |                     |              |              |              |        |             |    (bits)    |    (bits)    |               |                 |                 |
-----------------------------------------------------------------------------------------------------------------------------------------------------------------------------------------------------------------------------------------------------------------------------------------------------------------------------------
|   IngressParser.$PORT_METADATA  | ingress | parser |  exact  | buf  |  0 (0/0/0/0/0)  |   0   |   288 / 288 (0)    |  9 / 0 (-9) |    0    |   0   |   0/0/0/0/0/0/0/0   | 64 / 0 (-64) |  0 / 0 (0)   |  0 / 0 (0)   |   64   |  0 / 0 (0)  | 1 in 2 (128) | 1 in 1 (64)  |     - / -     |      - / -      |      - / -      |
|                                 |         |        |         |      |                 |       |                    |             |         |       |                     |              |              |              |        |             |              |              |               |                 |                 |
|      Ingress.drop_recirc_t      | ingress |   0    |    -    | sram |  0 (0/0/0/0/0)  |   0   |     0 / 0 (0)      |  0 / 0 (0)  |    0    |   0   |   0/0/0/0/0/0/0/0   |  0 / 0 (0)   |  0 / 0 (0)   |  0 / 0 (0)   |   0    |  0 / 0 (0)  |  0 in 0 (0)  |  1 in 0 (0)  |     - / -     |      - / -      |      - / -      |
|       Ingress.multicast_t       | ingress |   0    |    -    | sram |  0 (0/0/0/0/0)  |   0   |     0 / 0 (0)      |  0 / 0 (0)  |    0    |   16  |   0/0/0/0/0/0/0/16  | 25 / 16 (-9) |  0 / 0 (0)   |  0 / 0 (0)   |   9    |  0 / 0 (0)  |  0 in 0 (0)  |  1 in 0 (0)  |     - / -     |      - / -      |      - / -      |
|       Egress.mod_dst_mac_t      |  egress |   0    |  exact  | sram |  2 (1/1/0/0/0)  |   0   |  512 / 1024 (512)  |  9 / 0 (-9) |    0    |   36  |   0/0/0/0/0/0/4/32  | 32 / 32 (0)  |  0 / 0 (0)   | 45 / 36 (-9) |   48   | 16 / 16 (0) | 3 in 1 (128) | 1 in 1 (128) |     - / -     |  96.1% / 25.0%  | 100.0% / 100.0% |
|       Egress.mod_header_t       |  egress |   0    |    -    | sram |  0 (0/0/0/0/0)  |   0   |     0 / 0 (0)      |  0 / 0 (0)  |    0    |   0   |   0/0/0/0/0/0/0/0   |  0 / 0 (0)   |  0 / 0 (0)   |  0 / 0 (0)   |   0    |  0 / 0 (0)  |  0 in 0 (0)  |  1 in 0 (0)  |     - / -     |      - / -      |      - / -      |
|      Egress.update_seq_eg_t     |  egress |   0    |    -    |  -   |  2 (0/0/0/2/0)  |   0   |     0 / 0 (0)      |  0 / 0 (0)  |    0    |   0   |   0/0/0/0/0/0/0/0   |  0 / 0 (0)   |  0 / 0 (0)   |  0 / 0 (0)   |   0    |  0 / 0 (0)  |  0 in 0 (0)  |  0 in 0 (0)  |     - / -     |      - / -      |      - / -      |
|          stage 0 totals         |    -    |   -    |    -    |  -   |  4 (1/1/0/2/0)  |   0   |         -          |      -      |    -    |   -   |          -          |      -       |      -       |      -       |   -    |      -      |      -       |      -       |       -       |        -        |        -        |
|                                 |         |        |         |      |                 |       |                    |             |         |       |                     |              |              |              |        |             |              |              |               |                 |                 |
|       Ingress.set_meter_t       | ingress |   1    |    -    |  -   |  2 (0/0/0/2/0)  |   0   |     0 / 0 (0)      |  0 / 0 (0)  |    0    |   0   |   0/0/0/0/0/0/0/0   |  0 / 0 (0)   |  0 / 0 (0)   |  0 / 0 (0)   |   0    |  0 / 0 (0)  |  0 in 0 (0)  |  0 in 0 (0)  |     - / -     |      - / -      |      - / -      |
|     Ingress.set_p4_header_t     | ingress |   1    |    -    | sram |  1 (0/1/0/0/0)  |   0   |     0 / 0 (0)      |  0 / 0 (0)  |    0    |   0   |   0/0/0/0/0/0/0/0   |  0 / 0 (0)   |  0 / 0 (0)   |  0 / 0 (0)   |   0    | 0 / 64 (64) |  0 in 0 (0)  |  1 in 0 (0)  |     - / -     |      - / -      |   0.0% / 0.0%   |
|     Ingress.update_seq_ig_t     | ingress |   1    |    -    |  -   |  2 (0/0/0/2/0)  |   0   |     0 / 0 (0)      |  0 / 0 (0)  |    0    |   0   |   0/0/0/0/0/0/0/0   |  0 / 0 (0)   |  0 / 0 (0)   |  0 / 0 (0)   |   0    |  0 / 0 (0)  |  0 in 0 (0)  |  0 in 0 (0)  |     - / -     |      - / -      |      - / -      |
|         Egress.process_t        |  egress |   1    |    -    |  -   |  2 (0/0/0/2/0)  |   0   |     0 / 0 (0)      |  0 / 0 (0)  |    0    |   0   |   0/0/0/0/0/0/0/0   |  0 / 0 (0)   |  0 / 0 (0)   |  0 / 0 (0)   |   0    |  0 / 0 (0)  |  0 in 0 (0)  |  0 in 0 (0)  |     - / -     |      - / -      |      - / -      |
|          stage 1 totals         |    -    |   -    |    -    |  -   |  7 (0/1/0/6/0)  |   0   |         -          |      -      |    -    |   -   |          -          |      -       |      -       |      -       |   -    |      -      |      -       |      -       |       -       |        -        |        -        |
|                                 |         |        |         |      |                 |       |                    |             |         |       |                     |              |              |              |        |             |              |              |               |                 |                 |
|     Ingress.get_drop_prob_t     | ingress |   2    |    -    |  -   |  2 (0/0/0/2/0)  |   0   |     0 / 0 (0)      |  0 / 0 (0)  |    0    |   0   |   0/0/0/0/0/0/0/0   |  0 / 0 (0)   |  0 / 0 (0)   |  0 / 0 (0)   |   0    |  0 / 0 (0)  |  0 in 0 (0)  |  0 in 0 (0)  |     - / -     |      - / -      |      - / -      |
|     Ingress.set_drop_prob_t     | ingress |   2    |    -    |  -   |  2 (0/0/0/2/0)  |   0   |     0 / 0 (0)      |  0 / 0 (0)  |    0    |   0   |   0/0/0/0/0/0/0/0   |  0 / 0 (0)   |  0 / 0 (0)   |  0 / 0 (0)   |   0    |  0 / 0 (0)  |  0 in 0 (0)  |  0 in 0 (0)  |     - / -     |      - / -      |      - / -      |
|       Egress.get_writer_t       |  egress |   2    |    -    |  -   |  2 (0/0/0/2/0)  |   0   |     0 / 0 (0)      |  0 / 0 (0)  |    0    |   0   |   0/0/0/0/0/0/0/0   |  0 / 0 (0)   |  0 / 0 (0)   |  0 / 0 (0)   |   0    |  0 / 0 (0)  |  0 in 0 (0)  |  0 in 0 (0)  |     - / -     |      - / -      |      - / -      |
|       Egress.set_writer_t       |  egress |   2    |    -    |  -   |  2 (0/0/0/2/0)  |   0   |     0 / 0 (0)      |  0 / 0 (0)  |    0    |   0   |   0/0/0/0/0/0/0/0   |  0 / 0 (0)   |  0 / 0 (0)   |  0 / 0 (0)   |   0    |  0 / 0 (0)  |  0 in 0 (0)  |  0 in 0 (0)  |     - / -     |      - / -      |      - / -      |
|          stage 2 totals         |    -    |   -    |    -    |  -   |  8 (0/0/0/8/0)  |   0   |         -          |      -      |    -    |   -   |          -          |      -       |      -       |      -       |   -    |      -      |      -       |      -       |       -       |        -        |        -        |
|                                 |         |        |         |      |                 |       |                    |             |         |       |                     |              |              |              |        |             |              |              |               |                 |                 |
|    Ingress.get_aver_qdepth_t    | ingress |   3    |    -    |  -   |  2 (0/0/0/2/0)  |   0   |     0 / 0 (0)      |  0 / 0 (0)  |    0    |   0   |   0/0/0/0/0/0/0/0   |  0 / 0 (0)   |  0 / 0 (0)   |  0 / 0 (0)   |   0    |  0 / 0 (0)  |  0 in 0 (0)  |  0 in 0 (0)  |     - / -     |      - / -      |      - / -      |
|     Ingress.get_seq_recirc_t    | ingress |   3    |    -    |  -   |  2 (0/0/0/2/0)  |   0   |     0 / 0 (0)      |  0 / 0 (0)  |    0    |   0   |   0/0/0/0/0/0/0/0   |  0 / 0 (0)   |  0 / 0 (0)   |  0 / 0 (0)   |   0    |  0 / 0 (0)  |  0 in 0 (0)  |  0 in 0 (0)  |     - / -     |      - / -      |      - / -      |
|    Ingress.set_aver_qdepth_t    | ingress |   3    |    -    |  -   |  2 (0/0/0/2/0)  |   0   |     0 / 0 (0)      |  0 / 0 (0)  |    0    |   0   |   0/0/0/0/0/0/0/0   |  0 / 0 (0)   |  0 / 0 (0)   |  0 / 0 (0)   |   0    |  0 / 0 (0)  |  0 in 0 (0)  |  0 in 0 (0)  |     - / -     |      - / -      |      - / -      |
|     Ingress.set_seq_recirc_t    | ingress |   3    |    -    |  -   |  2 (0/0/0/2/0)  |   0   |     0 / 0 (0)      |  0 / 0 (0)  |    0    |   0   |   0/0/0/0/0/0/0/0   |  0 / 0 (0)   |  0 / 0 (0)   |  0 / 0 (0)   |   0    |  0 / 0 (0)  |  0 in 0 (0)  |  0 in 0 (0)  |     - / -     |      - / -      |      - / -      |
|   Egress.get_and_set_reader_t   |  egress |   3    |    -    |  -   |  2 (0/0/0/2/0)  |   0   |     0 / 0 (0)      |  0 / 0 (0)  |    0    |   0   |   0/0/0/0/0/0/0/0   |  0 / 0 (0)   |  0 / 0 (0)   |  0 / 0 (0)   |   0    |  0 / 0 (0)  |  0 in 0 (0)  |  0 in 0 (0)  |     - / -     |      - / -      |      - / -      |
| Egress.get_and_set_sum_qdepth_t |  egress |   3    |    -    |  -   |  2 (0/0/0/2/0)  |   0   |     0 / 0 (0)      |  0 / 0 (0)  |    0    |   0   |   0/0/0/0/0/0/0/0   |  0 / 0 (0)   |  0 / 0 (0)   |  0 / 0 (0)   |   0    |  0 / 0 (0)  |  0 in 0 (0)  |  0 in 0 (0)  |     - / -     |      - / -      |      - / -      |
|          stage 3 totals         |    -    |   -    |    -    |  -   | 12 (0/0/0/12/0) |   0   |         -          |      -      |    -    |   -   |          -          |      -       |      -       |      -       |   -    |      -      |      -       |      -       |       -       |        -        |        -        |
|                                 |         |        |         |      |                 |       |                    |             |         |       |                     |              |              |              |        |             |              |              |               |                 |                 |
|       Ingress.get_rndnum_t      | ingress |   4    |    -    |  -   |  0 (0/0/0/0/0)  |   0   |     0 / 0 (0)      |  0 / 0 (0)  |    0    |   0   |   0/0/0/0/0/0/0/0   |  0 / 0 (0)   |  0 / 0 (0)   |  0 / 0 (0)   |   0    |  0 / 0 (0)  |  0 in 0 (0)  |  0 in 0 (0)  |     - / -     |      - / -      |      - / -      |
|     Egress.get_aver_qdepth_t    |  egress |   4    |    -    | sram |  0 (0/0/0/0/0)  |   0   |     0 / 0 (0)      |  0 / 0 (0)  |    0    |   0   |   0/0/0/0/0/0/0/0   |  0 / 0 (0)   |  0 / 0 (0)   |  0 / 0 (0)   |   0    |  0 / 0 (0)  |  0 in 0 (0)  |  1 in 0 (0)  |     - / -     |      - / -      |      - / -      |
|          tbl_asicred917         |  egress |   4    |    -    | sram |  0 (0/0/0/0/0)  |   0   |     0 / 0 (0)      |  0 / 0 (0)  |    0    |   0   |   0/0/0/0/0/0/0/0   |  0 / 0 (0)   |  0 / 0 (0)   |  0 / 0 (0)   |   0    |  0 / 0 (0)  |  0 in 0 (0)  |  1 in 0 (0)  |     - / -     |      - / -      |      - / -      |
|          stage 4 totals         |    -    |   -    |    -    |  -   |  0 (0/0/0/0/0)  |   0   |         -          |      -      |    -    |   -   |          -          |      -       |      -       |      -       |   -    |      -      |      -       |      -       |       -       |        -        |        -        |
|                                 |         |        |         |      |                 |       |                    |             |         |       |                     |              |              |              |        |             |              |              |               |                 |                 |
|        Ingress.get_diff_t       | ingress |   5    |    -    |  -   |  0 (0/0/0/0/0)  |   0   |     0 / 0 (0)      |  0 / 0 (0)  |    0    |   0   |   0/0/0/0/0/0/0/0   |  0 / 0 (0)   |  0 / 0 (0)   |  0 / 0 (0)   |   0    |  0 / 0 (0)  |  0 in 0 (0)  |  0 in 0 (0)  |     - / -     |      - / -      |      - / -      |
|   Egress.get_weighted_qdepth_t  |  egress |   5    |    -    | sram |  0 (0/0/0/0/0)  |   0   |     0 / 0 (0)      |  0 / 0 (0)  |    0    |   0   |   0/0/0/0/0/0/0/0   |  0 / 0 (0)   |  0 / 0 (0)   |  0 / 0 (0)   |   0    |  0 / 0 (0)  |  0 in 0 (0)  |  1 in 0 (0)  |     - / -     |      - / -      |      - / -      |
|          stage 5 totals         |    -    |   -    |    -    |  -   |  0 (0/0/0/0/0)  |   0   |         -          |      -      |    -    |   -   |          -          |      -       |      -       |      -       |   -    |      -      |      -       |      -       |       -       |        -        |        -        |
|                                 |         |        |         |      |                 |       |                    |             |         |       |                     |              |              |              |        |             |              |              |               |                 |                 |
|        Egress.get_ewma_t        |  egress |   6    |    -    |  -   |  2 (0/0/0/2/0)  |   0   |     0 / 0 (0)      |  0 / 0 (0)  |    0    |   0   |   0/0/0/0/0/0/0/0   |  0 / 0 (0)   |  0 / 0 (0)   |  0 / 0 (0)   |   0    |  0 / 0 (0)  |  0 in 0 (0)  |  0 in 0 (0)  |     - / -     |      - / -      |      - / -      |
|       Egress.set_qdepth_t       |  egress |   6    |    -    |  -   |  2 (0/0/0/2/0)  |   0   |     0 / 0 (0)      |  0 / 0 (0)  |    0    |   0   |   0/0/0/0/0/0/0/0   |  0 / 0 (0)   |  0 / 0 (0)   |  0 / 0 (0)   |   0    |  0 / 0 (0)  |  0 in 0 (0)  |  0 in 0 (0)  |     - / -     |      - / -      |      - / -      |
|          stage 6 totals         |    -    |   -    |    -    |  -   |  4 (0/0/0/4/0)  |   0   |         -          |      -      |    -    |   -   |          -          |      -       |      -       |      -       |   -    |      -      |      -       |      -       |       -       |        -        |        -        |
|                                 |         |        |         |      |                 |       |                    |             |         |       |                     |              |              |              |        |             |              |              |               |                 |                 |
|          Ingress.drop_t         | ingress |   7    |    -    | sram |  0 (0/0/0/0/0)  |   0   |     0 / 0 (0)      |  0 / 0 (0)  |    0    |   0   |   0/0/0/0/0/0/0/0   |  0 / 0 (0)   |  0 / 0 (0)   |  0 / 0 (0)   |   0    |  0 / 0 (0)  |  0 in 0 (0)  |  1 in 0 (0)  |     - / -     |      - / -      |      - / -      |
|       Egress.get_qdepth_t       |  egress |   7    |    -    | sram |  0 (0/0/0/0/0)  |   0   |     0 / 0 (0)      |  0 / 0 (0)  |    0    |   0   |   0/0/0/0/0/0/0/0   |  0 / 0 (0)   |  0 / 0 (0)   |  0 / 0 (0)   |   0    |  0 / 0 (0)  |  0 in 0 (0)  |  1 in 0 (0)  |     - / -     |      - / -      |      - / -      |
|          stage 7 totals         |    -    |   -    |    -    |  -   |  0 (0/0/0/0/0)  |   0   |         -          |      -      |    -    |   -   |          -          |      -       |      -       |      -       |   -    |      -      |      -       |      -       |       -       |        -        |        -        |
|                                 |         |        |         |      |                 |       |                    |             |         |       |                     |              |              |              |        |             |              |              |               |                 |                 |
|   Egress.map_qdepth_to_prob_t   |  egress |   8    |  range  | tcam |  1 (0/0/0/0/1)  |   24  | 4096 / 6144 (2048) | 16 / 16 (0) |    0    |   16  |   0/0/0/0/0/0/0/16  | 16 / 16 (0)  | 20 / 80 (60) | 16 / 16 (0)  |   10   |  0 / 0 (0)  | 1 in 1 (44)  | 1 in 2 (88)  | 36.4% / 20.0% | 100.0% / 100.0% |      - / -      |
|          stage 8 totals         |    -    |   -    |    -    |  -   |  1 (0/0/0/0/1)  |   24  |         -          |      -      |    -    |   -   |          -          |      -       |      -       |      -       |   -    |      -      |      -       |      -       |       -       |        -        |        -        |
|                                 |         |        |         |      |                 |       |                    |             |         |       |                     |              |              |              |        |             |              |              |               |                 |                 |
|   Egress.map_qdepth_to_prob_t   |  egress |   9    |  range  | tcam |  1 (0/0/0/0/1)  |   20  |  0 / 5120 (5120)   | 16 / 16 (0) |    0    |   16  |   0/0/0/0/0/0/0/16  | 16 / 16 (0)  | 20 / 80 (60) | 16 / 16 (0)  |   10   |  0 / 0 (0)  | 1 in 1 (44)  | 1 in 2 (88)  | 36.4% / 20.0% | 100.0% / 100.0% |      - / -      |
|          stage 9 totals         |    -    |   -    |    -    |  -   |  1 (0/0/0/0/1)  |   20  |         -          |      -      |    -    |   -   |          -          |      -       |      -       |      -       |   -    |      -      |      -       |      -       |       -       |        -        |        -        |
|                                 |         |        |         |      |                 |       |                    |             |         |       |                     |              |              |              |        |             |              |              |               |                 |                 |
|     overall totals (ingress)    |    -    |   -    |    -    |  -   | 17 (0/1/0/16/0) |   0   |         -          |      -      |    -    |   -   |          -          |      -       |      -       |      -       |   -    |      -      |      -       |      -       |       -       |        -        |        -        |
|                                 |         |        |         |      |                 |       |                    |             |         |       |                     |              |              |              |        |             |              |              |               |                 |                 |
|     overall totals (egress)     |    -    |   -    |    -    |  -   | 20 (1/1/0/16/2) |   44  |         -          |      -      |    -    |   -   |          -          |      -       |      -       |      -       |   -    |      -      |      -       |      -       |       -       |        -        |        -        |
|                                 |         |        |         |      |                 |       |                    |             |         |       |                     |              |              |              |        |             |              |              |               |                 |                 |
|          overall totals         |    -    |   -    |    -    |  -   | 37 (1/2/0/32/2) |   44  |         -          |      -      |    -    |   -   |          -          |      -       |      -       |      -       |   -    |      -      |      -       |      -       |       -       |        -        |        -        |
-----------------------------------------------------------------------------------------------------------------------------------------------------------------------------------------------------------------------------------------------------------------------------------------------------------------------------------

Total SRAMs Legend:
TOT (M/A/S/MT/I)
TOT = Total
M = Match
A = Action
S = Statistics
MT = Meter / Stateful / Selection
I = Ternary Indirection

Match Overhead Structure Legend:
NT/AI/AD/M/S/SL/V/I
NT = Next Table Pointer
AI = Action Instruction Pointer
AD = Action Data Pointer
M = Meter/Selection/Stateful Pointer
S = Statistics Pointer
SL = Selection Length
V = Entry Version
I = Immediate Action Data





+----------------------------------------------------------------+
    OVERHEAD STRUCTURES
+----------------------------------------------------------------+

+----------------------------------------------------------------+
   Egress.get_and_set_reader_t
+----------------------------------------------------------------+
Match Overhead:

  Total bits: 0
+----------------------------------------------------------------+
   Egress.get_and_set_sum_qdepth_t
+----------------------------------------------------------------+
Match Overhead:

  Total bits: 0
+----------------------------------------------------------------+
   Egress.get_aver_qdepth_t
+----------------------------------------------------------------+
Match Overhead:

  Total bits: 0
+----------------------------------------------------------------+
   Egress.get_ewma_t
+----------------------------------------------------------------+
Match Overhead:

  Total bits: 0
+----------------------------------------------------------------+
   Egress.get_qdepth_t
+----------------------------------------------------------------+
Match Overhead:

  Total bits: 0
+----------------------------------------------------------------+
   Egress.get_weighted_qdepth_t
+----------------------------------------------------------------+
Match Overhead:

  Total bits: 0
+----------------------------------------------------------------+
   Egress.get_writer_t
+----------------------------------------------------------------+
Match Overhead:

  Total bits: 0
+----------------------------------------------------------------+
   Egress.map_qdepth_to_prob_t
+----------------------------------------------------------------+
Match Overhead:
  Field --immediate-- [15:0] (16 bits)

  Total bits: 16
+----------------------------------------------------------------+
   Egress.map_qdepth_to_prob_t
+----------------------------------------------------------------+
Match Overhead:
  Field --immediate-- [15:0] (16 bits)

  Total bits: 16
+----------------------------------------------------------------+
   Egress.mod_dst_mac_t
+----------------------------------------------------------------+
Match Overhead:
  Field --version_valid-- [3:0] (4 bits)
  Field --immediate-- [31:0] (32 bits)

  Total bits: 36
+----------------------------------------------------------------+
   Egress.mod_header_t
+----------------------------------------------------------------+
Match Overhead:

  Total bits: 0
+----------------------------------------------------------------+
   Egress.process_t
+----------------------------------------------------------------+
Match Overhead:

  Total bits: 0
+----------------------------------------------------------------+
   Egress.set_qdepth_t
+----------------------------------------------------------------+
Match Overhead:

  Total bits: 0
+----------------------------------------------------------------+
   Egress.set_writer_t
+----------------------------------------------------------------+
Match Overhead:

  Total bits: 0
+----------------------------------------------------------------+
   Egress.update_seq_eg_t
+----------------------------------------------------------------+
Match Overhead:

  Total bits: 0
+----------------------------------------------------------------+
   Ingress.drop_recirc_t
+----------------------------------------------------------------+
Match Overhead:

  Total bits: 0
+----------------------------------------------------------------+
   Ingress.drop_t
+----------------------------------------------------------------+
Match Overhead:

  Total bits: 0
+----------------------------------------------------------------+
   Ingress.get_aver_qdepth_t
+----------------------------------------------------------------+
Match Overhead:

  Total bits: 0
+----------------------------------------------------------------+
   Ingress.get_diff_t
+----------------------------------------------------------------+
Match Overhead:

  Total bits: 0
+----------------------------------------------------------------+
   Ingress.get_drop_prob_t
+----------------------------------------------------------------+
Match Overhead:

  Total bits: 0
+----------------------------------------------------------------+
   Ingress.get_rndnum_t
+----------------------------------------------------------------+
Match Overhead:

  Total bits: 0
+----------------------------------------------------------------+
   Ingress.get_seq_recirc_t
+----------------------------------------------------------------+
Match Overhead:

  Total bits: 0
+----------------------------------------------------------------+
   Ingress.multicast_t
+----------------------------------------------------------------+
Match Overhead:
  Field --immediate-- [15:0] (16 bits)

  Total bits: 16
+----------------------------------------------------------------+
   Ingress.set_aver_qdepth_t
+----------------------------------------------------------------+
Match Overhead:

  Total bits: 0
+----------------------------------------------------------------+
   Ingress.set_drop_prob_t
+----------------------------------------------------------------+
Match Overhead:

  Total bits: 0
+----------------------------------------------------------------+
   Ingress.set_meter_t
+----------------------------------------------------------------+
Match Overhead:

  Total bits: 0
+----------------------------------------------------------------+
   Ingress.set_p4_header_t
+----------------------------------------------------------------+
Match Overhead:

  Total bits: 0
+----------------------------------------------------------------+
   Ingress.set_seq_recirc_t
+----------------------------------------------------------------+
Match Overhead:

  Total bits: 0
+----------------------------------------------------------------+
   Ingress.update_seq_ig_t
+----------------------------------------------------------------+
Match Overhead:

  Total bits: 0
+----------------------------------------------------------------+
   IngressParser.$PORT_METADATA
+----------------------------------------------------------------+
Match Overhead:

  Total bits: 0
+----------------------------------------------------------------+
   tbl_asicred917
+----------------------------------------------------------------+
Match Overhead:

  Total bits: 0





+----------------------------------------------------------------+
    MATCH AND ACTION FORMATS
+----------------------------------------------------------------+

+----------------------------------------------------------------+
  Egress.get_and_set_reader_t
+----------------------------------------------------------------+
+------------------------------------------------+
   Match format for Egress.get_and_set_reader_t
+------------------------------------------------+
Stage 3:
No match entries required.
+----------------------------------------------------------------+
  Egress.get_and_set_sum_qdepth_t
+----------------------------------------------------------------+
+------------------------------------------------+
   Match format for Egress.get_and_set_sum_qdepth_t
+------------------------------------------------+
Stage 3:
No match entries required.
+----------------------------------------------------------------+
  Egress.get_aver_qdepth_t
+----------------------------------------------------------------+
+------------------------------------------------+
   Match format for Egress.get_aver_qdepth_t
+------------------------------------------------+
Stage 4:
No match entries required.
+----------------------------------------------------------------+
  Egress.get_ewma_t
+----------------------------------------------------------------+
+------------------------------------------------+
   Match format for Egress.get_ewma_t
+------------------------------------------------+
Stage 6:
No match entries required.
+----------------------------------------------------------------+
  Egress.get_qdepth_t
+----------------------------------------------------------------+
+------------------------------------------------+
   Match format for Egress.get_qdepth_t
+------------------------------------------------+
Stage 7:
No match entries required.
+----------------------------------------------------------------+
  Egress.get_weighted_qdepth_t
+----------------------------------------------------------------+
+------------------------------------------------+
   Match format for Egress.get_weighted_qdepth_t
+------------------------------------------------+
Stage 5:
No match entries required.
+----------------------------------------------------------------+
  Egress.get_writer_t
+----------------------------------------------------------------+
+------------------------------------------------+
   Match format for Egress.get_writer_t
+------------------------------------------------+
Stage 2:
No match entries required.
+----------------------------------------------------------------+
  Egress.map_qdepth_to_prob_t
+----------------------------------------------------------------+
+------------------------------------------------+
   Match format for Egress.map_qdepth_to_prob_t
+------------------------------------------------+
Stage 8:
Pack Format:
  table_word_width: 88
  memory_word_width: 44
  entries_per_table_word: 1
  number_memory_units_per_table_word: 2
  entry_list: [
    entry_number : 0
    field_list : [
       Field --version-- [1:0]               : in bits [87:86]
       Field meta.qdepth_for_match [12:9]    : in bits [47:44]
       Field meta.qdepth_for_match [12:9]    : in bits [51:48]
       Field meta.qdepth_for_match [8:8]     : in bits [52:52]
       Field meta.qdepth_for_match [8:8]     : in bits [56:56]
       Field meta.qdepth_for_match [15:13]   : in bits [78:76]
       Field meta.qdepth_for_match [15:13]   : in bits [82:80]
       Field meta.qdepth_for_match [3:0]     : in bits [3:0]
       Field meta.qdepth_for_match [3:0]     : in bits [7:4]
       Field meta.qdepth_for_match [7:4]     : in bits [35:32]
       Field meta.qdepth_for_match [7:4]     : in bits [39:36]
    ]
  ]
Stage 9:
Pack Format:
  table_word_width: 88
  memory_word_width: 44
  entries_per_table_word: 1
  number_memory_units_per_table_word: 2
  entry_list: [
    entry_number : 0
    field_list : [
       Field --version-- [1:0]               : in bits [87:86]
       Field meta.qdepth_for_match [12:9]    : in bits [47:44]
       Field meta.qdepth_for_match [12:9]    : in bits [51:48]
       Field meta.qdepth_for_match [8:8]     : in bits [52:52]
       Field meta.qdepth_for_match [8:8]     : in bits [56:56]
       Field meta.qdepth_for_match [15:13]   : in bits [78:76]
       Field meta.qdepth_for_match [15:13]   : in bits [82:80]
       Field meta.qdepth_for_match [3:0]     : in bits [3:0]
       Field meta.qdepth_for_match [3:0]     : in bits [7:4]
       Field meta.qdepth_for_match [7:4]     : in bits [35:32]
       Field meta.qdepth_for_match [7:4]     : in bits [39:36]
    ]
  ]
+----------------------------------------------------------------+
  Egress.mod_dst_mac_t
+----------------------------------------------------------------+
+------------------------------------------------+
   Match format for Egress.mod_dst_mac_t
+------------------------------------------------+
Stage 0:
Pack Format:
  table_word_width: 128
  memory_word_width: 128
  entries_per_table_word: 1
  number_memory_units_per_table_word: 1
  entry_list: [
    entry_number : 0
    field_list : [
       Field immediate [31:0]   : in bits [31:0]
       Field version [3:0]      : in bits [115:112]
    ]
  ]

Action Egress.mod_dst_mac
---------------------------
Pack Format:
  table_word_width: 128
  memory_word_width: 128
  entries_per_table_word: 8
  number_memory_units_per_table_word: 1
  entry_list: [
    entry_number : 7
    field_list : [
       Field dst_addr [47:32]   : in bits [127:112]
    ]
    entry_number : 6
    field_list : [
       Field dst_addr [47:32]   : in bits [111:96]
    ]
    entry_number : 5
    field_list : [
       Field dst_addr [47:32]   : in bits [95:80]
    ]
    entry_number : 4
    field_list : [
       Field dst_addr [47:32]   : in bits [79:64]
    ]
    entry_number : 3
    field_list : [
       Field dst_addr [47:32]   : in bits [63:48]
    ]
    entry_number : 2
    field_list : [
       Field dst_addr [47:32]   : in bits [47:32]
    ]
    entry_number : 1
    field_list : [
       Field dst_addr [47:32]   : in bits [31:16]
    ]
    entry_number : 0
    field_list : [
       Field dst_addr [47:32]   : in bits [15:0]
    ]
  ]

Action data bus usage:
Stage: 0
No action parameter mapping provided.  Action data bus usage will not be displayed.

Action NoAction
---------------------------
Pack Format:
  table_word_width: 128
  memory_word_width: 128
  entries_per_table_word: 8
  number_memory_units_per_table_word: 1
  entry_list: [
    entry_number : 7
    field_list : [
       Field --padding_0_15-- [15:0]   : in bits [127:112]
    ]
    entry_number : 6
    field_list : [
       Field --padding_0_15-- [15:0]   : in bits [111:96]
    ]
    entry_number : 5
    field_list : [
       Field --padding_0_15-- [15:0]   : in bits [95:80]
    ]
    entry_number : 4
    field_list : [
       Field --padding_0_15-- [15:0]   : in bits [79:64]
    ]
    entry_number : 3
    field_list : [
       Field --padding_0_15-- [15:0]   : in bits [63:48]
    ]
    entry_number : 2
    field_list : [
       Field --padding_0_15-- [15:0]   : in bits [47:32]
    ]
    entry_number : 1
    field_list : [
       Field --padding_0_15-- [15:0]   : in bits [31:16]
    ]
    entry_number : 0
    field_list : [
       Field --padding_0_15-- [15:0]   : in bits [15:0]
    ]
  ]

Action data bus usage:
Stage: 0
No action parameter mapping provided.  Action data bus usage will not be displayed.
+----------------------------------------------------------------+
  Egress.mod_header_t
+----------------------------------------------------------------+
+------------------------------------------------+
   Match format for Egress.mod_header_t
+------------------------------------------------+
Stage 0:
No match entries required.
+----------------------------------------------------------------+
  Egress.process_t
+----------------------------------------------------------------+
+------------------------------------------------+
   Match format for Egress.process_t
+------------------------------------------------+
Stage 1:
No match entries required.
+----------------------------------------------------------------+
  Egress.set_qdepth_t
+----------------------------------------------------------------+
+------------------------------------------------+
   Match format for Egress.set_qdepth_t
+------------------------------------------------+
Stage 6:
No match entries required.
+----------------------------------------------------------------+
  Egress.set_writer_t
+----------------------------------------------------------------+
+------------------------------------------------+
   Match format for Egress.set_writer_t
+------------------------------------------------+
Stage 2:
No match entries required.
+----------------------------------------------------------------+
  Egress.update_seq_eg_t
+----------------------------------------------------------------+
+------------------------------------------------+
   Match format for Egress.update_seq_eg_t
+------------------------------------------------+
Stage 0:
No match entries required.
+----------------------------------------------------------------+
  Ingress.drop_recirc_t
+----------------------------------------------------------------+
+------------------------------------------------+
   Match format for Ingress.drop_recirc_t
+------------------------------------------------+
Stage 0:
No match entries required.
+----------------------------------------------------------------+
  Ingress.drop_t
+----------------------------------------------------------------+
+------------------------------------------------+
   Match format for Ingress.drop_t
+------------------------------------------------+
Stage 7:
No match entries required.
+----------------------------------------------------------------+
  Ingress.get_aver_qdepth_t
+----------------------------------------------------------------+
+------------------------------------------------+
   Match format for Ingress.get_aver_qdepth_t
+------------------------------------------------+
Stage 3:
No match entries required.
+----------------------------------------------------------------+
  Ingress.get_diff_t
+----------------------------------------------------------------+
+------------------------------------------------+
   Match format for Ingress.get_diff_t
+------------------------------------------------+
Stage 5:
No match entries required.
+----------------------------------------------------------------+
  Ingress.get_drop_prob_t
+----------------------------------------------------------------+
+------------------------------------------------+
   Match format for Ingress.get_drop_prob_t
+------------------------------------------------+
Stage 2:
No match entries required.
+----------------------------------------------------------------+
  Ingress.get_rndnum_t
+----------------------------------------------------------------+
+------------------------------------------------+
   Match format for Ingress.get_rndnum_t
+------------------------------------------------+
Stage 4:
No match entries required.
+----------------------------------------------------------------+
  Ingress.get_seq_recirc_t
+----------------------------------------------------------------+
+------------------------------------------------+
   Match format for Ingress.get_seq_recirc_t
+------------------------------------------------+
Stage 3:
No match entries required.
+----------------------------------------------------------------+
  Ingress.multicast_t
+----------------------------------------------------------------+
+------------------------------------------------+
   Match format for Ingress.multicast_t
+------------------------------------------------+
Stage 0:
No match entries required.
+----------------------------------------------------------------+
  Ingress.set_aver_qdepth_t
+----------------------------------------------------------------+
+------------------------------------------------+
   Match format for Ingress.set_aver_qdepth_t
+------------------------------------------------+
Stage 3:
No match entries required.
+----------------------------------------------------------------+
  Ingress.set_drop_prob_t
+----------------------------------------------------------------+
+------------------------------------------------+
   Match format for Ingress.set_drop_prob_t
+------------------------------------------------+
Stage 2:
No match entries required.
+----------------------------------------------------------------+
  Ingress.set_meter_t
+----------------------------------------------------------------+
+------------------------------------------------+
   Match format for Ingress.set_meter_t
+------------------------------------------------+
Stage 1:
No match entries required.
+----------------------------------------------------------------+
  Ingress.set_p4_header_t
+----------------------------------------------------------------+
+------------------------------------------------+
   Match format for Ingress.set_p4_header_t
+------------------------------------------------+
Stage 1:
No match entries required.

Action Ingress.set_p4_header
---------------------------
Pack Format:
  table_word_width: 128
  memory_word_width: 128
  entries_per_table_word: 2
  number_memory_units_per_table_word: 1
  entry_list: [
    entry_number : 1
    field_list : [
       Field $constant0 [6:0]          : in bits [95:89]
       Field $constant1 [15:0]         : in bits [79:64]
       Field $constant2 [15:0]         : in bits [111:96]
       Field $constant3 [6:0]          : in bits [127:121]
       Field --padding_16_24-- [8:0]   : in bits [88:80]
       Field --padding_48_56-- [8:0]   : in bits [120:112]
    ]
    entry_number : 0
    field_list : [
       Field $constant0 [6:0]          : in bits [31:25]
       Field $constant1 [15:0]         : in bits [15:0]
       Field $constant2 [15:0]         : in bits [47:32]
       Field $constant3 [6:0]          : in bits [63:57]
       Field --padding_16_24-- [8:0]   : in bits [24:16]
       Field --padding_48_56-- [8:0]   : in bits [56:48]
    ]
  ]

Action data bus usage:
Stage: 1
No action parameter mapping provided.  Action data bus usage will not be displayed.
+----------------------------------------------------------------+
  Ingress.set_seq_recirc_t
+----------------------------------------------------------------+
+------------------------------------------------+
   Match format for Ingress.set_seq_recirc_t
+------------------------------------------------+
Stage 3:
No match entries required.
+----------------------------------------------------------------+
  Ingress.update_seq_ig_t
+----------------------------------------------------------------+
+------------------------------------------------+
   Match format for Ingress.update_seq_ig_t
+------------------------------------------------+
Stage 1:
No match entries required.
+----------------------------------------------------------------+
  IngressParser.$PORT_METADATA
+----------------------------------------------------------------+
+------------------------------------------------+
   Match format for IngressParser.$PORT_METADATA
+------------------------------------------------+
Stage -1:
Pack Format:
  table_word_width: 64
  memory_word_width: 64
  entries_per_table_word: 1
  number_memory_units_per_table_word: 1
  entry_list: [
    entry_number : 0
    field_list : [
       Field ig_intr_md [63:0]   : in bits [63:0]
    ]
  ]
+----------------------------------------------------------------+
  tbl_asicred917
+----------------------------------------------------------------+
+------------------------------------------------+
   Match format for tbl_asicred917
+------------------------------------------------+
Stage 4:
No match entries required.
