+---------------------------------------------------------------------+
|  Log file: pa.characterize.log                                      |
|  Compiler version: 9.7.0                                            |
|  Created on: Mon Mar  6 11:49:48 2023                               |
|  Run ID: 951e9c1727bad8a6                                           |
+---------------------------------------------------------------------+

Program: asicred.p4

------------------------------------------------------------------------------------------------------------------------------------------
| Container |  Gress  |                    Name                   | Class |  | P | 0 | 1 | 2 | 3 | 4 | 5 | 6 | 7  | 8 | 9 | 10 | 11 | D |
------------------------------------------------------------------------------------------------------------------------------------------
|    phv0   | ingress |                                           |       |  |   |   |   |   |   |   |   |   |    |   |   |    |    |   |
|   [31:0]  | ingress |  ig_intr_md_from_prsr.global_tstamp[31:0] | imeta |  | W | ~ | R |   |   |   |   |   |    |   |   |    |    |   |
|    phv1   | ingress |                                           |       |  |   |   |   |   |   |   |   |   |    |   |   |    |    |   |
|   [31:0]  | ingress |       hdr.p4_header.tstamp_ig[31:0]       |  pkt  |  | W | ~ | W | ~ | ~ | ~ | ~ | ~ | ~  | ~ | ~ | ~  | ~  | R |
|    phv2   | ingress |                                           |   SH  |  |   |   |   |   |   |   |   |   |    |   |   |    |    |   |
|   [31:25] | ingress |          hdr.p4_header.pad2[6:0]          |  pkt  |  | W | ~ | W | ~ | ~ | ~ | ~ | ~ | ~  | ~ | ~ | ~  | ~  | R |
|   [24:16] | ingress |       hdr.p4_header.egress_port[8:0]      |  pkt  |  | W | W | ~ | ~ | ~ | ~ | ~ | ~ | ~  | ~ | ~ | ~  | ~  | R |
|   [15:0]  | ingress |       hdr.p4_header.drop_prob[15:0]       |  pkt  |  | W | ~ | W | ~ | ~ | ~ | ~ | ~ | ~  | ~ | ~ | ~  | ~  | R |
|    phv3   | ingress |                                           |       |  |   |   |   |   |   |   |   |   |    |   |   |    |    |   |
|   [31:0]  | ingress |      hdr.p4_header.aver_qdepth[31:0]      |  pkt  |  | W | ~ | W | ~ | W | ~ | ~ | ~ | ~  | ~ | ~ | ~  | ~  | R |
|    phv4   | ingress |                                           |       |  |   |   |   |   |   |   |   |   |    |   |   |    |    |   |
|   [31:0]  | ingress |         hdr.p4_header.seq_ig[31:0]        |  pkt  |  | W | ~ | W | ~ | ~ | ~ | ~ | ~ | ~  | ~ | ~ | ~  | ~  | R |
|    phv5   | ingress |                                           |       |  |   |   |   |   |   |   |   |   |    |   |   |    |    |   |
|   [31:0]  | ingress |         hdr.p4_header.qdelta[31:0]        |  pkt  |  | W | ~ | W | ~ | ~ | ~ | ~ | ~ | ~  | ~ | ~ | ~  | ~  | R |
|    phv6   | ingress |                                           |       |  |   |   |   |   |   |   |   |   |    |   |   |    |    |   |
|   [31:0]  | ingress |       hdr.p4_header.seq_recirc[31:0]      |  pkt  |  | W | ~ | ~ | ~ | W | ~ | ~ | ~ | ~  | ~ | ~ | ~  | ~  | R |
|    phv7   | ingress |                                           |       |  |   |   |   |   |   |   |   |   |    |   |   |    |    |   |
|   [31:0]  | ingress |         hdr.p4_header.seq_eg[31:0]        |  pkt  |  | W | ~ | W | ~ | ~ | ~ | ~ | ~ | ~  | ~ | ~ | ~  | ~  | R |
|    phv8   | ingress |                                           |       |  |   |   |   |   |   |   |   |   |    |   |   |    |    |   |
|   [31:0]  | ingress |       hdr.p4_header.enq_qdepth[31:0]      |  pkt  |  | W | ~ | W | ~ | ~ | ~ | ~ | ~ | ~  | ~ | ~ | ~  | ~  | R |
|    phv9   | ingress |                                           |       |  |   |   |   |   |   |   |   |   |    |   |   |    |    |   |
|   [31:0]  | ingress |       hdr.p4_header.tstamp_eg[31:0]       |  pkt  |  | W | ~ | W | ~ | ~ | ~ | ~ | ~ | ~  | ~ | ~ | ~  | ~  | R |
|   phv10   |    -    |                                           |       |  |   |   |   |   |   |   |   |   |    |   |   |    |    |   |
|   phv11   |    -    |                                           |       |  |   |   |   |   |   |   |   |   |    |   |   |    |    |   |
|   phv12   |    -    |                                           |       |  |   |   |   |   |   |   |   |   |    |   |   |    |    |   |
|   phv13   |    -    |                                           |       |  |   |   |   |   |   |   |   |   |    |   |   |    |    |   |
|   phv14   |    -    |                                           |       |  |   |   |   |   |   |   |   |   |    |   |   |    |    |   |
|   phv15   |    -    |                                           |       |  |   |   |   |   |   |   |   |   |    |   |   |    |    |   |
|   phv16   |  egress |                                           | OL,SH |  |   |   |   |   |   |   |   |   |    |   |   |    |    |   |
|   [31:0]  |  egress |           meta.sum_qdepth[31:0]           |  meta |  |   |   |   |   | W | R |   |   |    |   |   |    |    |   |
|    [7:7]  |  egress |           meta.drop_recirc[0:0]           |  meta |  |   |   |   |   | W |   |   |   |    |   |   |    |    |   |
|    [6:0]  |  egress |        meta.qdepth_for_match[15:9]        |  meta |  |   |   |   |   |   |   |   |   | W  | R | R |    |    |   |
|   phv17   |  egress |                                           | OL,SH |  |   |   |   |   |   |   |   |   |    |   |   |    |    |   |
|   [31:0]  |  egress |           meta.num_writer[31:0]           |  meta |  |   |   |   | W |   |   |   |   |    |   |   |    |    |   |
|   [31:0]  |  egress |           meta.aver_qdepth[31:0]          |  meta |  |   |   |   |   |   | W | R |   |    |   |   |    |    |   |
|   phv18   |  egress |                                           | OL,SH |  |   |   |   |   |   |   |   |   |    |   |   |    |    |   |
|   [31:0]  |  egress |         meta.weighted_qdepth[31:0]        |  meta |  |   |   |   |   |   |   | W |   |    |   |   |    |    |   |
|   [17:0]  |  egress |       eg_intr_md.deq_timedelta[17:0]      | imeta |  | W | R |   |   |   |   |   |   |    |   |   |    |    |   |
|   phv19   |  egress |                                           |       |  |   |   |   |   |   |   |   |   |    |   |   |    |    |   |
|   [31:0]  |  egress |      hdr.p4_header.aver_qdepth[31:0]      |  pkt  |  | W | ~ | ~ | ~ | ~ | ~ | ~ | W | RW | ~ | ~ | ~  | ~  | R |
|   phv20   |  egress |                                           |       |  |   |   |   |   |   |   |   |   |    |   |   |    |    |   |
|   [31:0]  |  egress |         hdr.p4_header.qdelta[31:0]        |  pkt  |  | W | ~ | ~ | ~ | ~ | ~ | ~ | ~ | ~  | ~ | ~ | ~  | ~  | R |
|   phv21   |  egress |                                           | OL,SH |  |   |   |   |   |   |   |   |   |    |   |   |    |    |   |
|   [18:0]  |  egress |        eg_intr_md.enq_qdepth[18:0]        | imeta |  | W | R |   |   |   |   |   |   |    |   |   |    |    |   |
|    [8:0]  |  egress |         meta.qdepth_for_match[8:0]        |  meta |  |   |   |   |   |   |   |   |   | W  | R | R |    |    |   |
|   phv22   |  egress |                                           |       |  |   |   |   |   |   |   |   |   |    |   |   |    |    |   |
|   [31:0]  |  egress |       hdr.p4_header.enq_qdepth[31:0]      |  pkt  |  | W | ~ | ~ | ~ | ~ | ~ | ~ | ~ | ~  | ~ | ~ | ~  | ~  | R |
|   phv23   |  egress |                                           |       |  |   |   |   |   |   |   |   |   |    |   |   |    |    |   |
|   [31:0]  |  egress |  eg_intr_md_from_prsr.global_tstamp[31:0] | imeta |  | W | R |   |   |   |   |   |   |    |   |   |    |    |   |
|   phv24   |  egress |                                           |       |  |   |   |   |   |   |   |   |   |    |   |   |    |    |   |
|   [31:0]  |  egress |       hdr.p4_header.tstamp_eg[31:0]       |  pkt  |  |   | W | ~ | ~ | ~ | ~ | ~ | ~ | ~  | ~ | ~ | ~  | ~  | R |
|   phv25   |  egress |                                           |   SH  |  |   |   |   |   |   |   |   |   |    |   |   |    |    |   |
|   [31:25] |  egress |          hdr.p4_header.pad2[6:0]          |  pkt  |  | W | ~ | ~ | ~ | ~ | ~ | ~ | ~ | ~  | ~ | ~ | ~  | ~  | R |
|   [24:16] |  egress |       hdr.p4_header.egress_port[8:0]      |  pkt  |  | W | ~ | ~ | ~ | ~ | ~ | ~ | ~ | ~  | ~ | ~ | ~  | ~  | R |
|   [15:0]  |  egress |       hdr.p4_header.drop_prob[15:0]       |  pkt  |  | W | ~ | ~ | ~ | ~ | ~ | ~ | ~ | ~  | ~ | ~ | ~  | ~  | R |
|   phv26   |  egress |                                           |       |  |   |   |   |   |   |   |   |   |    |   |   |    |    |   |
|   [31:0]  |  egress |         hdr.p4_header.seq_eg[31:0]        |  pkt  |  |   | W | ~ | ~ | ~ | ~ | ~ | ~ | ~  | ~ | ~ | ~  | ~  | R |
|   phv27   |  egress |                                           |       |  |   |   |   |   |   |   |   |   |    |   |   |    |    |   |
|   [31:0]  |  egress |        hdr.ethernet.dst_addr[31:0]        |  pkt  |  | W | W | ~ | ~ | ~ | ~ | ~ | ~ | ~  | ~ | ~ | ~  | ~  | R |
|   phv28   |    -    |                                           |       |  |   |   |   |   |   |   |   |   |    |   |   |    |    |   |
|   phv29   |    -    |                                           |       |  |   |   |   |   |   |   |   |   |    |   |   |    |    |   |
|   phv30   |    -    |                                           |       |  |   |   |   |   |   |   |   |   |    |   |   |    |    |   |
|   phv31   |    -    |                                           |       |  |   |   |   |   |   |   |   |   |    |   |   |    |    |   |
|   phv32   |    -    |                                           |       |  |   |   |   |   |   |   |   |   |    |   |   |    |    |   |
|   phv33   |    -    |                                           |       |  |   |   |   |   |   |   |   |   |    |   |   |    |    |   |
|   phv34   |    -    |                                           |       |  |   |   |   |   |   |   |   |   |    |   |   |    |    |   |
|   phv35   |    -    |                                           |       |  |   |   |   |   |   |   |   |   |    |   |   |    |    |   |
|   phv36   |    -    |                                           |       |  |   |   |   |   |   |   |   |   |    |   |   |    |    |   |
|   phv37   |    -    |                                           |       |  |   |   |   |   |   |   |   |   |    |   |   |    |    |   |
|   phv38   |    -    |                                           |       |  |   |   |   |   |   |   |   |   |    |   |   |    |    |   |
|   phv39   |    -    |                                           |       |  |   |   |   |   |   |   |   |   |    |   |   |    |    |   |
|   phv40   |    -    |                                           |       |  |   |   |   |   |   |   |   |   |    |   |   |    |    |   |
|   phv41   |    -    |                                           |       |  |   |   |   |   |   |   |   |   |    |   |   |    |    |   |
|   phv42   |    -    |                                           |       |  |   |   |   |   |   |   |   |   |    |   |   |    |    |   |
|   phv43   |    -    |                                           |       |  |   |   |   |   |   |   |   |   |    |   |   |    |    |   |
|   phv44   |    -    |                                           |       |  |   |   |   |   |   |   |   |   |    |   |   |    |    |   |
|   phv45   |    -    |                                           |       |  |   |   |   |   |   |   |   |   |    |   |   |    |    |   |
|   phv46   |    -    |                                           |       |  |   |   |   |   |   |   |   |   |    |   |   |    |    |   |
|   phv47   |    -    |                                           |       |  |   |   |   |   |   |   |   |   |    |   |   |    |    |   |
|   phv48   |    -    |                                           |       |  |   |   |   |   |   |   |   |   |    |   |   |    |    |   |
|   phv49   |    -    |                                           |       |  |   |   |   |   |   |   |   |   |    |   |   |    |    |   |
|   phv50   |    -    |                                           |       |  |   |   |   |   |   |   |   |   |    |   |   |    |    |   |
|   phv51   |    -    |                                           |       |  |   |   |   |   |   |   |   |   |    |   |   |    |    |   |
|   phv52   |    -    |                                           |       |  |   |   |   |   |   |   |   |   |    |   |   |    |    |   |
|   phv53   |    -    |                                           |       |  |   |   |   |   |   |   |   |   |    |   |   |    |    |   |
|   phv54   |    -    |                                           |       |  |   |   |   |   |   |   |   |   |    |   |   |    |    |   |
|   phv55   |    -    |                                           |       |  |   |   |   |   |   |   |   |   |    |   |   |    |    |   |
|   phv56   |    -    |                                           |       |  |   |   |   |   |   |   |   |   |    |   |   |    |    |   |
|   phv57   |    -    |                                           |       |  |   |   |   |   |   |   |   |   |    |   |   |    |    |   |
|   phv58   |    -    |                                           |       |  |   |   |   |   |   |   |   |   |    |   |   |    |    |   |
|   phv59   |    -    |                                           |       |  |   |   |   |   |   |   |   |   |    |   |   |    |    |   |
|   phv60   |    -    |                                           |       |  |   |   |   |   |   |   |   |   |    |   |   |    |    |   |
|   phv61   |    -    |                                           |       |  |   |   |   |   |   |   |   |   |    |   |   |    |    |   |
|   phv62   |    -    |                                           |       |  |   |   |   |   |   |   |   |   |    |   |   |    |    |   |
|   phv63   |    -    |                                           |       |  |   |   |   |   |   |   |   |   |    |   |   |    |    |   |
|           |         |                                           |       |  |   |   |   |   |   |   |   |   |    |   |   |    |    |   |
|   phv64   | ingress |                                           |       |  |   |   |   |   |   |   |   |   |    |   |   |    |    |   |
|    [7:0]  | ingress |          hdr.p4_header.color[7:0]         |  pkt  |  | W | ~ | W | ~ | ~ | ~ | ~ | ~ | ~  | ~ | ~ | ~  | ~  | R |
|   phv65   | ingress |                                           |   SH  |  |   |   |   |   |   |   |   |   |    |   |   |    |    |   |
|    [4:3]  | ingress |              meta.rndnum[9:8]             |  meta |  |   |   |   |   |   | W |   |   |    |   |   |    |    |   |
|    [2:0]  | ingress |     ig_intr_md_for_dprsr.drop_ctl[2:0]    | imeta |  |   | W | ~ | ~ | ~ | ~ | ~ | ~ | W  | ~ | ~ | ~  | ~  | R |
|   phv66   | ingress |                                           |   SH  |  |   |   |   |   |   |   |   |   |    |   |   |    |    |   |
|    [7:5]  | ingress |          hdr.p4_header.pad1[2:0]          |  pkt  |  | W | ~ | W | ~ | ~ | ~ | ~ | ~ | ~  | ~ | ~ | ~  | ~  | R |
|    [4:0]  | ingress |           hdr.p4_header.qid[4:0]          |  pkt  |  | W | ~ | W | ~ | ~ | ~ | ~ | ~ | ~  | ~ | ~ | ~  | ~  | R |
|   phv67   | ingress |                                           |       |  |   |   |   |   |   |   |   |   |    |   |   |    |    |   |
|    [4:0]  | ingress |         ig_intr_md_for_tm.qid[4:0]        | imeta |  |   |   | R |   |   |   |   |   |    |   |   |    |    |   |
|   phv68   | ingress |                                           |   SH  |  |   |   |   |   |   |   |   |   |    |   |   |    |    |   |
|    [4:4]  | ingress |            hdr.udp.$valid[0:0]            |  pov  |  | W | ~ | ~ | ~ | ~ | ~ | ~ | ~ | ~  | ~ | ~ | ~  | ~  | R |
|    [3:3]  | ingress |         hdr.p4_header.$valid[0:0]         |  pov  |  | W | ~ | ~ | ~ | ~ | ~ | ~ | ~ | ~  | ~ | ~ | ~  | ~  | R |
|    [2:2]  | ingress |            hdr.tcp.$valid[0:0]            |  pov  |  | W | ~ | ~ | ~ | ~ | ~ | ~ | ~ | ~  | ~ | ~ | ~  | ~  | R |
|    [1:1]  | ingress |            hdr.ipv4.$valid[0:0]           |  pov  |  | W | ~ | ~ | ~ | ~ | ~ | ~ | ~ | ~  | ~ | ~ | ~  | ~  | R |
|    [0:0]  | ingress |          hdr.ethernet.$valid[0:0]         |  pov  |  | W | ~ | ~ | ~ | ~ | ~ | ~ | ~ | ~  | ~ | ~ | ~  | ~  | R |
|   phv69   | ingress |                                           |       |  |   |   |   |   |   |   |   |   |    |   |   |    |    |   |
|    [7:0]  | ingress |              meta.rndnum[7:0]             |  meta |  |   |   |   |   |   | W |   |   |    |   |   |    |    |   |
|   phv70   |    -    |                                           |       |  |   |   |   |   |   |   |   |   |    |   |   |    |    |   |
|   phv71   |    -    |                                           |       |  |   |   |   |   |   |   |   |   |    |   |   |    |    |   |
|   phv72   |    -    |                                           |       |  |   |   |   |   |   |   |   |   |    |   |   |    |    |   |
|   phv73   |    -    |                                           |       |  |   |   |   |   |   |   |   |   |    |   |   |    |    |   |
|   phv74   |    -    |                                           |       |  |   |   |   |   |   |   |   |   |    |   |   |    |    |   |
|   phv75   |    -    |                                           |       |  |   |   |   |   |   |   |   |   |    |   |   |    |    |   |
|   phv76   |    -    |                                           |       |  |   |   |   |   |   |   |   |   |    |   |   |    |    |   |
|   phv77   |    -    |                                           |       |  |   |   |   |   |   |   |   |   |    |   |   |    |    |   |
|   phv78   |    -    |                                           |       |  |   |   |   |   |   |   |   |   |    |   |   |    |    |   |
|   phv79   |    -    |                                           |       |  |   |   |   |   |   |   |   |   |    |   |   |    |    |   |
|   phv80   |  egress |                                           |       |  |   |   |   |   |   |   |   |   |    |   |   |    |    |   |
|    [2:0]  |  egress |     eg_intr_md_for_dprsr.drop_ctl[2:0]    | imeta |  |   |   |   |   |   | W | ~ | ~ | ~  | ~ | ~ | ~  | ~  | R |
|   phv81   |  egress |                                           |   SH  |  |   |   |   |   |   |   |   |   |    |   |   |    |    |   |
|    [4:4]  |  egress |            hdr.udp.$valid[0:0]            |  pov  |  | W | ~ | ~ | ~ | ~ | ~ | ~ | ~ | ~  | ~ | ~ | ~  | ~  | R |
|    [3:3]  |  egress |         hdr.p4_header.$valid[0:0]         |  pov  |  | W | ~ | ~ | ~ | ~ | ~ | ~ | ~ | ~  | ~ | ~ | ~  | ~  | R |
|    [2:2]  |  egress |            hdr.tcp.$valid[0:0]            |  pov  |  | W | ~ | ~ | ~ | ~ | ~ | ~ | ~ | ~  | ~ | ~ | ~  | ~  | R |
|    [1:1]  |  egress |            hdr.ipv4.$valid[0:0]           |  pov  |  | W | ~ | ~ | ~ | ~ | ~ | ~ | ~ | ~  | ~ | ~ | ~  | ~  | R |
|    [0:0]  |  egress |          hdr.ethernet.$valid[0:0]         |  pov  |  | W | ~ | ~ | ~ | ~ | ~ | ~ | ~ | ~  | ~ | ~ | ~  | ~  | R |
|   phv82   |  egress |                                           |       |  |   |   |   |   |   |   |   |   |    |   |   |    |    |   |
|    [1:0]  |  egress |              meta.option[1:0]             |  meta |  |   |   | W |   |   |   |   |   |    |   |   |    |    |   |
|   phv83   |    -    |                                           |       |  |   |   |   |   |   |   |   |   |    |   |   |    |    |   |
|   phv84   |    -    |                                           |       |  |   |   |   |   |   |   |   |   |    |   |   |    |    |   |
|   phv85   |    -    |                                           |       |  |   |   |   |   |   |   |   |   |    |   |   |    |    |   |
|   phv86   |    -    |                                           |       |  |   |   |   |   |   |   |   |   |    |   |   |    |    |   |
|   phv87   |    -    |                                           |       |  |   |   |   |   |   |   |   |   |    |   |   |    |    |   |
|   phv88   |    -    |                                           |       |  |   |   |   |   |   |   |   |   |    |   |   |    |    |   |
|   phv89   |    -    |                                           |       |  |   |   |   |   |   |   |   |   |    |   |   |    |    |   |
|   phv90   |    -    |                                           |       |  |   |   |   |   |   |   |   |   |    |   |   |    |    |   |
|   phv91   |    -    |                                           |       |  |   |   |   |   |   |   |   |   |    |   |   |    |    |   |
|   phv92   |    -    |                                           |       |  |   |   |   |   |   |   |   |   |    |   |   |    |    |   |
|   phv93   |    -    |                                           |       |  |   |   |   |   |   |   |   |   |    |   |   |    |    |   |
|   phv94   |    -    |                                           |       |  |   |   |   |   |   |   |   |   |    |   |   |    |    |   |
|   phv95   |    -    |                                           |       |  |   |   |   |   |   |   |   |   |    |   |   |    |    |   |
|   phv96   |    -    |                                           |       |  |   |   |   |   |   |   |   |   |    |   |   |    |    |   |
|   phv97   |    -    |                                           |       |  |   |   |   |   |   |   |   |   |    |   |   |    |    |   |
|   phv98   |    -    |                                           |       |  |   |   |   |   |   |   |   |   |    |   |   |    |    |   |
|   phv99   |    -    |                                           |       |  |   |   |   |   |   |   |   |   |    |   |   |    |    |   |
|   phv100  |    -    |                                           |       |  |   |   |   |   |   |   |   |   |    |   |   |    |    |   |
|   phv101  |    -    |                                           |       |  |   |   |   |   |   |   |   |   |    |   |   |    |    |   |
|   phv102  |    -    |                                           |       |  |   |   |   |   |   |   |   |   |    |   |   |    |    |   |
|   phv103  |    -    |                                           |       |  |   |   |   |   |   |   |   |   |    |   |   |    |    |   |
|   phv104  |    -    |                                           |       |  |   |   |   |   |   |   |   |   |    |   |   |    |    |   |
|   phv105  |    -    |                                           |       |  |   |   |   |   |   |   |   |   |    |   |   |    |    |   |
|   phv106  |    -    |                                           |       |  |   |   |   |   |   |   |   |   |    |   |   |    |    |   |
|   phv107  |    -    |                                           |       |  |   |   |   |   |   |   |   |   |    |   |   |    |    |   |
|   phv108  |    -    |                                           |       |  |   |   |   |   |   |   |   |   |    |   |   |    |    |   |
|   phv109  |    -    |                                           |       |  |   |   |   |   |   |   |   |   |    |   |   |    |    |   |
|   phv110  |    -    |                                           |       |  |   |   |   |   |   |   |   |   |    |   |   |    |    |   |
|   phv111  |    -    |                                           |       |  |   |   |   |   |   |   |   |   |    |   |   |    |    |   |
|   phv112  |    -    |                                           |       |  |   |   |   |   |   |   |   |   |    |   |   |    |    |   |
|   phv113  |    -    |                                           |       |  |   |   |   |   |   |   |   |   |    |   |   |    |    |   |
|   phv114  |    -    |                                           |       |  |   |   |   |   |   |   |   |   |    |   |   |    |    |   |
|   phv115  |    -    |                                           |       |  |   |   |   |   |   |   |   |   |    |   |   |    |    |   |
|   phv116  |    -    |                                           |       |  |   |   |   |   |   |   |   |   |    |   |   |    |    |   |
|   phv117  |    -    |                                           |       |  |   |   |   |   |   |   |   |   |    |   |   |    |    |   |
|   phv118  |    -    |                                           |       |  |   |   |   |   |   |   |   |   |    |   |   |    |    |   |
|   phv119  |    -    |                                           |       |  |   |   |   |   |   |   |   |   |    |   |   |    |    |   |
|   phv120  |    -    |                                           |       |  |   |   |   |   |   |   |   |   |    |   |   |    |    |   |
|   phv121  |    -    |                                           |       |  |   |   |   |   |   |   |   |   |    |   |   |    |    |   |
|   phv122  |    -    |                                           |       |  |   |   |   |   |   |   |   |   |    |   |   |    |    |   |
|   phv123  |    -    |                                           |       |  |   |   |   |   |   |   |   |   |    |   |   |    |    |   |
|   phv124  |    -    |                                           |       |  |   |   |   |   |   |   |   |   |    |   |   |    |    |   |
|   phv125  |    -    |                                           |       |  |   |   |   |   |   |   |   |   |    |   |   |    |    |   |
|   phv126  |    -    |                                           |       |  |   |   |   |   |   |   |   |   |    |   |   |    |    |   |
|   phv127  |    -    |                                           |       |  |   |   |   |   |   |   |   |   |    |   |   |    |    |   |
|           |         |                                           |       |  |   |   |   |   |   |   |   |   |    |   |   |    |    |   |
|   phv128  | ingress |                                           |       |  |   |   |   |   |   |   |   |   |    |   |   |    |    |   |
|   [15:0]  | ingress |    ig_intr_md_for_tm.mcast_grp_a[15:0]    | imeta |  |   |   |   |   |   |   |   |   |    |   |   |    |    | R |
|   phv129  | ingress |                                           |       |  |   |   |   |   |   |   |   |   |    |   |   |    |    |   |
|   [15:0]  | ingress |            meta.drop_prob[15:0]           |  meta |  |   |   |   | W | ~ | ~ | R |   |    |   |   |    |    |   |
|   phv130  | ingress |                                           |       |  |   |   |   |   |   |   |   |   |    |   |   |    |    |   |
|   [15:0]  | ingress |              meta.diff[15:0]              |  meta |  |   |   |   |   |   |   | W |   |    |   |   |    |    |   |
|   phv131  | ingress |                                           |       |  |   |   |   |   |   |   |   |   |    |   |   |    |    |   |
|    [8:0]  | ingress |        ig_intr_md.ingress_port[8:0]       | imeta |  | W |   |   |   |   |   |   |   |    |   |   |    |    |   |
|   phv132  |    -    |                                           |       |  |   |   |   |   |   |   |   |   |    |   |   |    |    |   |
|   phv133  |    -    |                                           |       |  |   |   |   |   |   |   |   |   |    |   |   |    |    |   |
|   phv134  |    -    |                                           |       |  |   |   |   |   |   |   |   |   |    |   |   |    |    |   |
|   phv135  |    -    |                                           |       |  |   |   |   |   |   |   |   |   |    |   |   |    |    |   |
|   phv136  |    -    |                                           |       |  |   |   |   |   |   |   |   |   |    |   |   |    |    |   |
|   phv137  |    -    |                                           |       |  |   |   |   |   |   |   |   |   |    |   |   |    |    |   |
|   phv138  |    -    |                                           |       |  |   |   |   |   |   |   |   |   |    |   |   |    |    |   |
|   phv139  |    -    |                                           |       |  |   |   |   |   |   |   |   |   |    |   |   |    |    |   |
|   phv140  |    -    |                                           |       |  |   |   |   |   |   |   |   |   |    |   |   |    |    |   |
|   phv141  |    -    |                                           |       |  |   |   |   |   |   |   |   |   |    |   |   |    |    |   |
|   phv142  |    -    |                                           |       |  |   |   |   |   |   |   |   |   |    |   |   |    |    |   |
|   phv143  |    -    |                                           |       |  |   |   |   |   |   |   |   |   |    |   |   |    |    |   |
|   phv144  |  egress |                                           |       |  |   |   |   |   |   |   |   |   |    |   |   |    |    |   |
|    [8:0]  |  egress |        eg_intr_md.egress_port[8:0]        | imeta |  | W | R | ~ | ~ | ~ | ~ | ~ | ~ | ~  | ~ | ~ | ~  | ~  | R |
|   phv145  |  egress |                                           |       |  |   |   |   |   |   |   |   |   |    |   |   |    |    |   |
|   [15:0]  |  egress |        hdr.ethernet.dst_addr[47:32]       |  pkt  |  | W | W | ~ | ~ | ~ | ~ | ~ | ~ | ~  | ~ | ~ | ~  | ~  | R |
|   phv146  |    -    |                                           |       |  |   |   |   |   |   |   |   |   |    |   |   |    |    |   |
|   phv147  |    -    |                                           |       |  |   |   |   |   |   |   |   |   |    |   |   |    |    |   |
|   phv148  |    -    |                                           |       |  |   |   |   |   |   |   |   |   |    |   |   |    |    |   |
|   phv149  |    -    |                                           |       |  |   |   |   |   |   |   |   |   |    |   |   |    |    |   |
|   phv150  |    -    |                                           |       |  |   |   |   |   |   |   |   |   |    |   |   |    |    |   |
|   phv151  |    -    |                                           |       |  |   |   |   |   |   |   |   |   |    |   |   |    |    |   |
|   phv152  |    -    |                                           |       |  |   |   |   |   |   |   |   |   |    |   |   |    |    |   |
|   phv153  |    -    |                                           |       |  |   |   |   |   |   |   |   |   |    |   |   |    |    |   |
|   phv154  |    -    |                                           |       |  |   |   |   |   |   |   |   |   |    |   |   |    |    |   |
|   phv155  |    -    |                                           |       |  |   |   |   |   |   |   |   |   |    |   |   |    |    |   |
|   phv156  |    -    |                                           |       |  |   |   |   |   |   |   |   |   |    |   |   |    |    |   |
|   phv157  |    -    |                                           |       |  |   |   |   |   |   |   |   |   |    |   |   |    |    |   |
|   phv158  |    -    |                                           |       |  |   |   |   |   |   |   |   |   |    |   |   |    |    |   |
|   phv159  |    -    |                                           |       |  |   |   |   |   |   |   |   |   |    |   |   |    |    |   |
|   phv160  |    -    |                                           |       |  |   |   |   |   |   |   |   |   |    |   |   |    |    |   |
|   phv161  |    -    |                                           |       |  |   |   |   |   |   |   |   |   |    |   |   |    |    |   |
|   phv162  |    -    |                                           |       |  |   |   |   |   |   |   |   |   |    |   |   |    |    |   |
|   phv163  |    -    |                                           |       |  |   |   |   |   |   |   |   |   |    |   |   |    |    |   |
|   phv164  |    -    |                                           |       |  |   |   |   |   |   |   |   |   |    |   |   |    |    |   |
|   phv165  |    -    |                                           |       |  |   |   |   |   |   |   |   |   |    |   |   |    |    |   |
|   phv166  |    -    |                                           |       |  |   |   |   |   |   |   |   |   |    |   |   |    |    |   |
|   phv167  |    -    |                                           |       |  |   |   |   |   |   |   |   |   |    |   |   |    |    |   |
|   phv168  |    -    |                                           |       |  |   |   |   |   |   |   |   |   |    |   |   |    |    |   |
|   phv169  |    -    |                                           |       |  |   |   |   |   |   |   |   |   |    |   |   |    |    |   |
|   phv170  |    -    |                                           |       |  |   |   |   |   |   |   |   |   |    |   |   |    |    |   |
|   phv171  |    -    |                                           |       |  |   |   |   |   |   |   |   |   |    |   |   |    |    |   |
|   phv172  |    -    |                                           |       |  |   |   |   |   |   |   |   |   |    |   |   |    |    |   |
|   phv173  |    -    |                                           |       |  |   |   |   |   |   |   |   |   |    |   |   |    |    |   |
|   phv174  |    -    |                                           |       |  |   |   |   |   |   |   |   |   |    |   |   |    |    |   |
|   phv175  |    -    |                                           |       |  |   |   |   |   |   |   |   |   |    |   |   |    |    |   |
|   phv176  |    -    |                                           |       |  |   |   |   |   |   |   |   |   |    |   |   |    |    |   |
|   phv177  |    -    |                                           |       |  |   |   |   |   |   |   |   |   |    |   |   |    |    |   |
|   phv178  |    -    |                                           |       |  |   |   |   |   |   |   |   |   |    |   |   |    |    |   |
|   phv179  |    -    |                                           |       |  |   |   |   |   |   |   |   |   |    |   |   |    |    |   |
|   phv180  |    -    |                                           |       |  |   |   |   |   |   |   |   |   |    |   |   |    |    |   |
|   phv181  |    -    |                                           |       |  |   |   |   |   |   |   |   |   |    |   |   |    |    |   |
|   phv182  |    -    |                                           |       |  |   |   |   |   |   |   |   |   |    |   |   |    |    |   |
|   phv183  |    -    |                                           |       |  |   |   |   |   |   |   |   |   |    |   |   |    |    |   |
|   phv184  |    -    |                                           |       |  |   |   |   |   |   |   |   |   |    |   |   |    |    |   |
|   phv185  |    -    |                                           |       |  |   |   |   |   |   |   |   |   |    |   |   |    |    |   |
|   phv186  |    -    |                                           |       |  |   |   |   |   |   |   |   |   |    |   |   |    |    |   |
|   phv187  |    -    |                                           |       |  |   |   |   |   |   |   |   |   |    |   |   |    |    |   |
|   phv188  |    -    |                                           |       |  |   |   |   |   |   |   |   |   |    |   |   |    |    |   |
|   phv189  |    -    |                                           |       |  |   |   |   |   |   |   |   |   |    |   |   |    |    |   |
|   phv190  |    -    |                                           |       |  |   |   |   |   |   |   |   |   |    |   |   |    |    |   |
|   phv191  |    -    |                                           |       |  |   |   |   |   |   |   |   |   |    |   |   |    |    |   |
|   phv192  |    -    |                                           |       |  |   |   |   |   |   |   |   |   |    |   |   |    |    |   |
|   phv193  |    -    |                                           |       |  |   |   |   |   |   |   |   |   |    |   |   |    |    |   |
|   phv194  |    -    |                                           |       |  |   |   |   |   |   |   |   |   |    |   |   |    |    |   |
|   phv195  |    -    |                                           |       |  |   |   |   |   |   |   |   |   |    |   |   |    |    |   |
|   phv196  |    -    |                                           |       |  |   |   |   |   |   |   |   |   |    |   |   |    |    |   |
|   phv197  |    -    |                                           |       |  |   |   |   |   |   |   |   |   |    |   |   |    |    |   |
|   phv198  |    -    |                                           |       |  |   |   |   |   |   |   |   |   |    |   |   |    |    |   |
|   phv199  |    -    |                                           |       |  |   |   |   |   |   |   |   |   |    |   |   |    |    |   |
|   phv200  |    -    |                                           |       |  |   |   |   |   |   |   |   |   |    |   |   |    |    |   |
|   phv201  |    -    |                                           |       |  |   |   |   |   |   |   |   |   |    |   |   |    |    |   |
|   phv202  |    -    |                                           |       |  |   |   |   |   |   |   |   |   |    |   |   |    |    |   |
|   phv203  |    -    |                                           |       |  |   |   |   |   |   |   |   |   |    |   |   |    |    |   |
|   phv204  |    -    |                                           |       |  |   |   |   |   |   |   |   |   |    |   |   |    |    |   |
|   phv205  |    -    |                                           |       |  |   |   |   |   |   |   |   |   |    |   |   |    |    |   |
|   phv206  |    -    |                                           |       |  |   |   |   |   |   |   |   |   |    |   |   |    |    |   |
|   phv207  |    -    |                                           |       |  |   |   |   |   |   |   |   |   |    |   |   |    |    |   |
|   phv208  |    -    |                                           |       |  |   |   |   |   |   |   |   |   |    |   |   |    |    |   |
|   phv209  |    -    |                                           |       |  |   |   |   |   |   |   |   |   |    |   |   |    |    |   |
|   phv210  |    -    |                                           |       |  |   |   |   |   |   |   |   |   |    |   |   |    |    |   |
|   phv211  |    -    |                                           |       |  |   |   |   |   |   |   |   |   |    |   |   |    |    |   |
|   phv212  |    -    |                                           |       |  |   |   |   |   |   |   |   |   |    |   |   |    |    |   |
|   phv213  |    -    |                                           |       |  |   |   |   |   |   |   |   |   |    |   |   |    |    |   |
|   phv214  |    -    |                                           |       |  |   |   |   |   |   |   |   |   |    |   |   |    |    |   |
|   phv215  |    -    |                                           |       |  |   |   |   |   |   |   |   |   |    |   |   |    |    |   |
|   phv216  |    -    |                                           |       |  |   |   |   |   |   |   |   |   |    |   |   |    |    |   |
|   phv217  |    -    |                                           |       |  |   |   |   |   |   |   |   |   |    |   |   |    |    |   |
|   phv218  |    -    |                                           |       |  |   |   |   |   |   |   |   |   |    |   |   |    |    |   |
|   phv219  |    -    |                                           |       |  |   |   |   |   |   |   |   |   |    |   |   |    |    |   |
|   phv220  |    -    |                                           |       |  |   |   |   |   |   |   |   |   |    |   |   |    |    |   |
|   phv221  |    -    |                                           |       |  |   |   |   |   |   |   |   |   |    |   |   |    |    |   |
|   phv222  |    -    |                                           |       |  |   |   |   |   |   |   |   |   |    |   |   |    |    |   |
|   phv223  |    -    |                                           |       |  |   |   |   |   |   |   |   |   |    |   |   |    |    |   |
|   phv224  |    -    |                                           |       |  |   |   |   |   |   |   |   |   |    |   |   |    |    |   |
|   phv225  |    -    |                                           |       |  |   |   |   |   |   |   |   |   |    |   |   |    |    |   |
|   phv226  |    -    |                                           |       |  |   |   |   |   |   |   |   |   |    |   |   |    |    |   |
|   phv227  |    -    |                                           |       |  |   |   |   |   |   |   |   |   |    |   |   |    |    |   |
|   phv228  |    -    |                                           |       |  |   |   |   |   |   |   |   |   |    |   |   |    |    |   |
|   phv229  |    -    |                                           |       |  |   |   |   |   |   |   |   |   |    |   |   |    |    |   |
|   phv230  |    -    |                                           |       |  |   |   |   |   |   |   |   |   |    |   |   |    |    |   |
|   phv231  |    -    |                                           |       |  |   |   |   |   |   |   |   |   |    |   |   |    |    |   |
|   phv232  |    -    |                                           |       |  |   |   |   |   |   |   |   |   |    |   |   |    |    |   |
|   phv233  |    -    |                                           |       |  |   |   |   |   |   |   |   |   |    |   |   |    |    |   |
|   phv234  |    -    |                                           |       |  |   |   |   |   |   |   |   |   |    |   |   |    |    |   |
|   phv235  |    -    |                                           |       |  |   |   |   |   |   |   |   |   |    |   |   |    |    |   |
|   phv236  |    -    |                                           |       |  |   |   |   |   |   |   |   |   |    |   |   |    |    |   |
|   phv237  |    -    |                                           |       |  |   |   |   |   |   |   |   |   |    |   |   |    |    |   |
|   phv238  |    -    |                                           |       |  |   |   |   |   |   |   |   |   |    |   |   |    |    |   |
|   phv239  |    -    |                                           |       |  |   |   |   |   |   |   |   |   |    |   |   |    |    |   |
|   phv240  |    -    |                                           |       |  |   |   |   |   |   |   |   |   |    |   |   |    |    |   |
|   phv241  |    -    |                                           |       |  |   |   |   |   |   |   |   |   |    |   |   |    |    |   |
|   phv242  |    -    |                                           |       |  |   |   |   |   |   |   |   |   |    |   |   |    |    |   |
|   phv243  |    -    |                                           |       |  |   |   |   |   |   |   |   |   |    |   |   |    |    |   |
|   phv244  |    -    |                                           |       |  |   |   |   |   |   |   |   |   |    |   |   |    |    |   |
|   phv245  |    -    |                                           |       |  |   |   |   |   |   |   |   |   |    |   |   |    |    |   |
|   phv246  |    -    |                                           |       |  |   |   |   |   |   |   |   |   |    |   |   |    |    |   |
|   phv247  |    -    |                                           |       |  |   |   |   |   |   |   |   |   |    |   |   |    |    |   |
|   phv248  |    -    |                                           |       |  |   |   |   |   |   |   |   |   |    |   |   |    |    |   |
|   phv249  |    -    |                                           |       |  |   |   |   |   |   |   |   |   |    |   |   |    |    |   |
|   phv250  |    -    |                                           |       |  |   |   |   |   |   |   |   |   |    |   |   |    |    |   |
|   phv251  |    -    |                                           |       |  |   |   |   |   |   |   |   |   |    |   |   |    |    |   |
|   phv252  |    -    |                                           |       |  |   |   |   |   |   |   |   |   |    |   |   |    |    |   |
|   phv253  |    -    |                                           |       |  |   |   |   |   |   |   |   |   |    |   |   |    |    |   |
|   phv254  |    -    |                                           |       |  |   |   |   |   |   |   |   |   |    |   |   |    |    |   |
|   phv255  |    -    |                                           |       |  |   |   |   |   |   |   |   |   |    |   |   |    |    |   |
|           |         |                                           |       |  |   |   |   |   |   |   |   |   |    |   |   |    |    |   |
|   phv256  |  egress |                                           |   SH  |  |   |   |   |   |   |   |   |   |    |   |   |    |    |   |
|   [31:28] |  egress |           hdr.ipv4.version[3:0]           |  pkt  |  | W | ~ | ~ | ~ | ~ | ~ | ~ | ~ | ~  | ~ | ~ | ~  | ~  | R |
|   [27:24] |  egress |             hdr.ipv4.ihl[3:0]             |  pkt  |  | W | ~ | ~ | ~ | ~ | ~ | ~ | ~ | ~  | ~ | ~ | ~  | ~  | R |
|   [23:16] |  egress |           hdr.ipv4.diffserv[7:0]          |  pkt  |  | W | ~ | ~ | ~ | ~ | ~ | ~ | ~ | ~  | ~ | ~ | ~  | ~  | R |
|   [15:0]  |  egress |          hdr.ipv4.total_len[15:0]         |  pkt  |  | W | ~ | ~ | ~ | ~ | ~ | ~ | ~ | ~  | ~ | ~ | ~  | ~  | R |
|   phv257  |  egress |                                           | OL,SH |  |   |   |   |   |   |   |   |   |    |   |   |    |    |   |
|   [31:28] |  egress |          hdr.tcp.data_offset[3:0]         |  pkt  |  | W | ~ | ~ | ~ | ~ | ~ | ~ | ~ | ~  | ~ | ~ | ~  | ~  | R |
|   [31:16] |  egress |             hdr.udp.len[15:0]             |  pkt  |  | W | ~ | ~ | ~ | ~ | ~ | ~ | ~ | ~  | ~ | ~ | ~  | ~  | R |
|   [27:24] |  egress |              hdr.tcp.res[3:0]             |  pkt  |  | W | ~ | ~ | ~ | ~ | ~ | ~ | ~ | ~  | ~ | ~ | ~  | ~  | R |
|   [23:16] |  egress |             hdr.tcp.flags[7:0]            |  pkt  |  | W | ~ | ~ | ~ | ~ | ~ | ~ | ~ | ~  | ~ | ~ | ~  | ~  | R |
|   [15:0]  |  egress |            hdr.tcp.window[15:0]           |  pkt  |  | W | ~ | ~ | ~ | ~ | ~ | ~ | ~ | ~  | ~ | ~ | ~  | ~  | R |
|   [15:0]  |  egress |           hdr.udp.checksum[15:0]          |  pkt  |  | W | ~ | ~ | ~ | ~ | ~ | ~ | ~ | ~  | ~ | ~ | ~  | ~  | R |
|   phv258  |  egress |                                           |   SH  |  |   |   |   |   |   |   |   |   |    |   |   |    |    |   |
|   [31:24] |  egress |             hdr.ipv4.ttl[7:0]             |  pkt  |  | W | ~ | ~ | ~ | ~ | ~ | ~ | ~ | ~  | ~ | ~ | ~  | ~  | R |
|   [23:16] |  egress |           hdr.ipv4.protocol[7:0]          |  pkt  |  | W | ~ | ~ | ~ | ~ | ~ | ~ | ~ | ~  | ~ | ~ | ~  | ~  | R |
|   [15:0]  |  egress |        hdr.ipv4.hdr_checksum[15:0]        |  pkt  |  | W | ~ | ~ | ~ | ~ | ~ | ~ | ~ | ~  | ~ | ~ | ~  | ~  | R |
|   phv259  |  egress |                                           |   SH  |  |   |   |   |   |   |   |   |   |    |   |   |    |    |   |
|   [31:16] |  egress |       hdr.ipv4.identification[15:0]       |  pkt  |  | W | ~ | ~ | ~ | ~ | ~ | ~ | ~ | ~  | ~ | ~ | ~  | ~  | R |
|   [15:13] |  egress |            hdr.ipv4.flags[2:0]            |  pkt  |  | W | ~ | ~ | ~ | ~ | ~ | ~ | ~ | ~  | ~ | ~ | ~  | ~  | R |
|   [12:0]  |  egress |         hdr.ipv4.frag_offset[12:0]        |  pkt  |  | W | ~ | ~ | ~ | ~ | ~ | ~ | ~ | ~  | ~ | ~ | ~  | ~  | R |
|   phv260  | ingress |                                           |   SH  |  |   |   |   |   |   |   |   |   |    |   |   |    |    |   |
|   [31:28] | ingress |           hdr.ipv4.version[3:0]           |  pkt  |  | W | ~ | ~ | ~ | ~ | ~ | ~ | ~ | ~  | ~ | ~ | ~  | ~  | R |
|   [27:24] | ingress |             hdr.ipv4.ihl[3:0]             |  pkt  |  | W | ~ | ~ | ~ | ~ | ~ | ~ | ~ | ~  | ~ | ~ | ~  | ~  | R |
|   [23:16] | ingress |           hdr.ipv4.diffserv[7:0]          |  pkt  |  | W | ~ | ~ | ~ | ~ | ~ | ~ | ~ | ~  | ~ | ~ | ~  | ~  | R |
|   [15:0]  | ingress |          hdr.ipv4.total_len[15:0]         |  pkt  |  | W | ~ | ~ | ~ | ~ | ~ | ~ | ~ | ~  | ~ | ~ | ~  | ~  | R |
|   phv261  | ingress |                                           | OL,SH |  |   |   |   |   |   |   |   |   |    |   |   |    |    |   |
|   [31:28] | ingress |          hdr.tcp.data_offset[3:0]         |  pkt  |  | W | ~ | ~ | ~ | ~ | ~ | ~ | ~ | ~  | ~ | ~ | ~  | ~  | R |
|   [31:16] | ingress |             hdr.udp.len[15:0]             |  pkt  |  | W | ~ | ~ | ~ | ~ | ~ | ~ | ~ | ~  | ~ | ~ | ~  | ~  | R |
|   [27:24] | ingress |              hdr.tcp.res[3:0]             |  pkt  |  | W | ~ | ~ | ~ | ~ | ~ | ~ | ~ | ~  | ~ | ~ | ~  | ~  | R |
|   [23:16] | ingress |             hdr.tcp.flags[7:0]            |  pkt  |  | W | ~ | ~ | ~ | ~ | ~ | ~ | ~ | ~  | ~ | ~ | ~  | ~  | R |
|   [15:0]  | ingress |            hdr.tcp.window[15:0]           |  pkt  |  | W | ~ | ~ | ~ | ~ | ~ | ~ | ~ | ~  | ~ | ~ | ~  | ~  | R |
|   [15:0]  | ingress |           hdr.udp.checksum[15:0]          |  pkt  |  | W | ~ | ~ | ~ | ~ | ~ | ~ | ~ | ~  | ~ | ~ | ~  | ~  | R |
|   phv262  | ingress |                                           |   SH  |  |   |   |   |   |   |   |   |   |    |   |   |    |    |   |
|   [31:24] | ingress |             hdr.ipv4.ttl[7:0]             |  pkt  |  | W | ~ | ~ | ~ | ~ | ~ | ~ | ~ | ~  | ~ | ~ | ~  | ~  | R |
|   [23:16] | ingress |           hdr.ipv4.protocol[7:0]          |  pkt  |  | W | ~ | ~ | ~ | ~ | ~ | ~ | ~ | ~  | ~ | ~ | ~  | ~  | R |
|   [15:0]  | ingress |        hdr.ipv4.hdr_checksum[15:0]        |  pkt  |  | W | ~ | ~ | ~ | ~ | ~ | ~ | ~ | ~  | ~ | ~ | ~  | ~  | R |
|   phv263  | ingress |                                           |   SH  |  |   |   |   |   |   |   |   |   |    |   |   |    |    |   |
|   [31:16] | ingress |       hdr.ipv4.identification[15:0]       |  pkt  |  | W | ~ | ~ | ~ | ~ | ~ | ~ | ~ | ~  | ~ | ~ | ~  | ~  | R |
|   [15:13] | ingress |            hdr.ipv4.flags[2:0]            |  pkt  |  | W | ~ | ~ | ~ | ~ | ~ | ~ | ~ | ~  | ~ | ~ | ~  | ~  | R |
|   [12:0]  | ingress |         hdr.ipv4.frag_offset[12:0]        |  pkt  |  | W | ~ | ~ | ~ | ~ | ~ | ~ | ~ | ~  | ~ | ~ | ~  | ~  | R |
|   phv264  | ingress |                                           |       |  |   |   |   |   |   |   |   |   |    |   |   |    |    |   |
|   [31:0]  | ingress |          hdr.ipv4.dst_addr[31:0]          |  pkt  |  | W | ~ | ~ | ~ | ~ | ~ | ~ | ~ | ~  | ~ | ~ | ~  | ~  | R |
|   phv265  | ingress |                                           |       |  |   |   |   |   |   |   |   |   |    |   |   |    |    |   |
|   [31:0]  | ingress |          hdr.ipv4.src_addr[31:0]          |  pkt  |  | W | ~ | ~ | ~ | ~ | ~ | ~ | ~ | ~  | ~ | ~ | ~  | ~  | R |
|   phv266  | ingress |                                           |       |  |   |   |   |   |   |   |   |   |    |   |   |    |    |   |
|   [31:0]  | ingress |            hdr.tcp.ack_no[31:0]           |  pkt  |  | W | ~ | ~ | ~ | ~ | ~ | ~ | ~ | ~  | ~ | ~ | ~  | ~  | R |
|   phv267  | ingress |                                           |       |  |   |   |   |   |   |   |   |   |    |   |   |    |    |   |
|   [31:0]  | ingress |            hdr.tcp.seq_no[31:0]           |  pkt  |  | W | ~ | ~ | ~ | ~ | ~ | ~ | ~ | ~  | ~ | ~ | ~  | ~  | R |
|   phv268  |  egress |                                           |       |  |   |   |   |   |   |   |   |   |    |   |   |    |    |   |
|   [31:0]  |  egress |         hdr.p4_header.seq_ig[31:0]        |  pkt  |  | W | ~ | ~ | ~ | ~ | ~ | ~ | ~ | ~  | ~ | ~ | ~  | ~  | R |
|   phv269  |  egress |                                           |       |  |   |   |   |   |   |   |   |   |    |   |   |    |    |   |
|   [31:0]  |  egress |       hdr.p4_header.tstamp_ig[31:0]       |  pkt  |  | W | ~ | ~ | ~ | ~ | ~ | ~ | ~ | ~  | ~ | ~ | ~  | ~  | R |
|   phv270  |  egress |                                           |       |  |   |   |   |   |   |   |   |   |    |   |   |    |    |   |
|   [31:0]  |  egress |        hdr.ethernet.src_addr[31:0]        |  pkt  |  | W | ~ | ~ | ~ | ~ | ~ | ~ | ~ | ~  | ~ | ~ | ~  | ~  | R |
|   phv271  |  egress |                                           |       |  |   |   |   |   |   |   |   |   |    |   |   |    |    |   |
|   [31:0]  |  egress |          hdr.ipv4.dst_addr[31:0]          |  pkt  |  | W | ~ | ~ | ~ | ~ | ~ | ~ | ~ | ~  | ~ | ~ | ~  | ~  | R |
|   phv272  |    -    |                                           |       |  |   |   |   |   |   |   |   |   |    |   |   |    |    |   |
|   phv273  |    -    |                                           |       |  |   |   |   |   |   |   |   |   |    |   |   |    |    |   |
|   phv274  |    -    |                                           |       |  |   |   |   |   |   |   |   |   |    |   |   |    |    |   |
|   phv275  |    -    |                                           |       |  |   |   |   |   |   |   |   |   |    |   |   |    |    |   |
|   phv276  |    -    |                                           |       |  |   |   |   |   |   |   |   |   |    |   |   |    |    |   |
|   phv277  |    -    |                                           |       |  |   |   |   |   |   |   |   |   |    |   |   |    |    |   |
|   phv278  |    -    |                                           |       |  |   |   |   |   |   |   |   |   |    |   |   |    |    |   |
|   phv279  |    -    |                                           |       |  |   |   |   |   |   |   |   |   |    |   |   |    |    |   |
|   phv280  |    -    |                                           |       |  |   |   |   |   |   |   |   |   |    |   |   |    |    |   |
|   phv281  |    -    |                                           |       |  |   |   |   |   |   |   |   |   |    |   |   |    |    |   |
|   phv282  |    -    |                                           |       |  |   |   |   |   |   |   |   |   |    |   |   |    |    |   |
|   phv283  |    -    |                                           |       |  |   |   |   |   |   |   |   |   |    |   |   |    |    |   |
|   phv284  |    -    |                                           |       |  |   |   |   |   |   |   |   |   |    |   |   |    |    |   |
|   phv285  |    -    |                                           |       |  |   |   |   |   |   |   |   |   |    |   |   |    |    |   |
|   phv286  |    -    |                                           |       |  |   |   |   |   |   |   |   |   |    |   |   |    |    |   |
|   phv287  |    -    |                                           |       |  |   |   |   |   |   |   |   |   |    |   |   |    |    |   |
|           |         |                                           |       |  |   |   |   |   |   |   |   |   |    |   |   |    |    |   |
|   phv288  |  egress |                                           |   SH  |  |   |   |   |   |   |   |   |   |    |   |   |    |    |   |
|    [7:5]  |  egress |          hdr.p4_header.pad1[2:0]          |  pkt  |  | W | ~ | ~ | ~ | ~ | ~ | ~ | ~ | ~  | ~ | ~ | ~  | ~  | R |
|    [4:0]  |  egress |           hdr.p4_header.qid[4:0]          |  pkt  |  | W | ~ | ~ | ~ | ~ | ~ | ~ | ~ | ~  | ~ | ~ | ~  | ~  | R |
|   phv289  |  egress |                                           |       |  |   |   |   |   |   |   |   |   |    |   |   |    |    |   |
|    [7:0]  |  egress |          hdr.p4_header.color[7:0]         |  pkt  |  | W | ~ | ~ | ~ | ~ | ~ | ~ | ~ | ~  | ~ | ~ | ~  | ~  | R |
|   phv290  |  egress |                                           |       |  |   |   |   |   |   |   |   |   |    |   |   |    |    |   |
|    [7:0]  |  egress |        hdr.ethernet.ether_type[7:0]       |  pkt  |  | W | ~ | ~ | ~ | ~ | ~ | ~ | ~ | ~  | ~ | ~ | ~  | ~  | R |
|   phv291  |  egress |                                           |       |  |   |   |   |   |   |   |   |   |    |   |   |    |    |   |
|    [7:0]  |  egress |       hdr.ethernet.ether_type[15:8]       |  pkt  |  | W | ~ | ~ | ~ | ~ | ~ | ~ | ~ | ~  | ~ | ~ | ~  | ~  | R |
|   phv292  | ingress |                                           |       |  |   |   |   |   |   |   |   |   |    |   |   |    |    |   |
|    [7:0]  | ingress |         hdr.ethernet.dst_addr[7:0]        |  pkt  |  | W | ~ | ~ | ~ | ~ | ~ | ~ | ~ | ~  | ~ | ~ | ~  | ~  | R |
|   phv293  | ingress |                                           |       |  |   |   |   |   |   |   |   |   |    |   |   |    |    |   |
|    [7:0]  | ingress |        hdr.ethernet.dst_addr[15:8]        |  pkt  |  | W | ~ | ~ | ~ | ~ | ~ | ~ | ~ | ~  | ~ | ~ | ~  | ~  | R |
|   phv294  | ingress |                                           |       |  |   |   |   |   |   |   |   |   |    |   |   |    |    |   |
|    [7:0]  | ingress |        hdr.ethernet.dst_addr[23:16]       |  pkt  |  | W | ~ | ~ | ~ | ~ | ~ | ~ | ~ | ~  | ~ | ~ | ~  | ~  | R |
|   phv295  | ingress |                                           |       |  |   |   |   |   |   |   |   |   |    |   |   |    |    |   |
|    [7:0]  | ingress |        hdr.ethernet.dst_addr[31:24]       |  pkt  |  | W | ~ | ~ | ~ | ~ | ~ | ~ | ~ | ~  | ~ | ~ | ~  | ~  | R |
|   phv296  |    -    |                                           |       |  |   |   |   |   |   |   |   |   |    |   |   |    |    |   |
|   phv297  |    -    |                                           |       |  |   |   |   |   |   |   |   |   |    |   |   |    |    |   |
|   phv298  |    -    |                                           |       |  |   |   |   |   |   |   |   |   |    |   |   |    |    |   |
|   phv299  |    -    |                                           |       |  |   |   |   |   |   |   |   |   |    |   |   |    |    |   |
|   phv300  |  egress |                                           |       |  |   |   |   |   |   |   |   |   |    |   |   |    |    |   |
|    [7:0]  |  egress |        hdr.ethernet.src_addr[39:32]       |  pkt  |  | W | ~ | ~ | ~ | ~ | ~ | ~ | ~ | ~  | ~ | ~ | ~  | ~  | R |
|   phv301  |  egress |                                           |       |  |   |   |   |   |   |   |   |   |    |   |   |    |    |   |
|    [7:0]  |  egress |        hdr.ethernet.src_addr[47:40]       |  pkt  |  | W | ~ | ~ | ~ | ~ | ~ | ~ | ~ | ~  | ~ | ~ | ~  | ~  | R |
|   phv302  |  egress |                                           |       |  |   |   |   |   |   |   |   |   |    |   |   |    |    |   |
|    [7:0]  |  egress | eg_intr_md_from_prsr.global_tstamp[39:32] | imeta |  | W |   |   |   |   |   |   |   |    |   |   |    |    |   |
|   phv303  |  egress |                                           |       |  |   |   |   |   |   |   |   |   |    |   |   |    |    |   |
|    [7:0]  |  egress | eg_intr_md_from_prsr.global_tstamp[47:40] | imeta |  | W |   |   |   |   |   |   |   |    |   |   |    |    |   |
|   phv304  |    -    |                                           |       |  |   |   |   |   |   |   |   |   |    |   |   |    |    |   |
|   phv305  |    -    |                                           |       |  |   |   |   |   |   |   |   |   |    |   |   |    |    |   |
|   phv306  |    -    |                                           |       |  |   |   |   |   |   |   |   |   |    |   |   |    |    |   |
|   phv307  |    -    |                                           |       |  |   |   |   |   |   |   |   |   |    |   |   |    |    |   |
|   phv308  |    -    |                                           |       |  |   |   |   |   |   |   |   |   |    |   |   |    |    |   |
|   phv309  |    -    |                                           |       |  |   |   |   |   |   |   |   |   |    |   |   |    |    |   |
|   phv310  |    -    |                                           |       |  |   |   |   |   |   |   |   |   |    |   |   |    |    |   |
|   phv311  |    -    |                                           |       |  |   |   |   |   |   |   |   |   |    |   |   |    |    |   |
|   phv312  |    -    |                                           |       |  |   |   |   |   |   |   |   |   |    |   |   |    |    |   |
|   phv313  |    -    |                                           |       |  |   |   |   |   |   |   |   |   |    |   |   |    |    |   |
|   phv314  |    -    |                                           |       |  |   |   |   |   |   |   |   |   |    |   |   |    |    |   |
|   phv315  |    -    |                                           |       |  |   |   |   |   |   |   |   |   |    |   |   |    |    |   |
|   phv316  |    -    |                                           |       |  |   |   |   |   |   |   |   |   |    |   |   |    |    |   |
|   phv317  |    -    |                                           |       |  |   |   |   |   |   |   |   |   |    |   |   |    |    |   |
|   phv318  |    -    |                                           |       |  |   |   |   |   |   |   |   |   |    |   |   |    |    |   |
|   phv319  |    -    |                                           |       |  |   |   |   |   |   |   |   |   |    |   |   |    |    |   |
|           |         |                                           |       |  |   |   |   |   |   |   |   |   |    |   |   |    |    |   |
|   phv320  |  egress |                                           | OL,SH |  |   |   |   |   |   |   |   |   |    |   |   |    |    |   |
|   [15:0]  |  egress |          hdr.tcp.urgent_ptr[15:0]         |  pkt  |  | W | ~ | ~ | ~ | ~ | ~ | ~ | ~ | ~  | ~ | ~ | ~  | ~  | R |
|   [15:0]  |  egress |           hdr.udp.dst_port[15:0]          |  pkt  |  | W | ~ | ~ | ~ | ~ | ~ | ~ | ~ | ~  | ~ | ~ | ~  | ~  | R |
|   phv321  |  egress |                                           | OL,SH |  |   |   |   |   |   |   |   |   |    |   |   |    |    |   |
|   [15:0]  |  egress |           hdr.tcp.checksum[15:0]          |  pkt  |  | W | ~ | ~ | ~ | ~ | ~ | ~ | ~ | ~  | ~ | ~ | ~  | ~  | R |
|   [15:0]  |  egress |           hdr.udp.src_port[15:0]          |  pkt  |  | W | ~ | ~ | ~ | ~ | ~ | ~ | ~ | ~  | ~ | ~ | ~  | ~  | R |
|   phv322  |  egress |                                           |       |  |   |   |   |   |   |   |   |   |    |   |   |    |    |   |
|   [15:0]  |  egress |           hdr.tcp.dst_port[15:0]          |  pkt  |  | W | ~ | ~ | ~ | ~ | ~ | ~ | ~ | ~  | ~ | ~ | ~  | ~  | R |
|   phv323  |  egress |                                           |       |  |   |   |   |   |   |   |   |   |    |   |   |    |    |   |
|   [15:0]  |  egress |           hdr.tcp.src_port[15:0]          |  pkt  |  | W | ~ | ~ | ~ | ~ | ~ | ~ | ~ | ~  | ~ | ~ | ~  | ~  | R |
|   phv324  |  egress |                                           |       |  |   |   |   |   |   |   |   |   |    |   |   |    |    |   |
|   [15:0]  |  egress |       hdr.p4_header.seq_recirc[15:0]      |  pkt  |  | W | ~ | ~ | ~ | ~ | ~ | ~ | ~ | ~  | ~ | ~ | ~  | ~  | R |
|   phv325  |  egress |                                           |       |  |   |   |   |   |   |   |   |   |    |   |   |    |    |   |
|   [15:0]  |  egress |      hdr.p4_header.seq_recirc[31:16]      |  pkt  |  | W | ~ | ~ | ~ | ~ | ~ | ~ | ~ | ~  | ~ | ~ | ~  | ~  | R |
|   phv326  | ingress |                                           | OL,SH |  |   |   |   |   |   |   |   |   |    |   |   |    |    |   |
|   [15:0]  | ingress |          hdr.tcp.urgent_ptr[15:0]         |  pkt  |  | W | ~ | ~ | ~ | ~ | ~ | ~ | ~ | ~  | ~ | ~ | ~  | ~  | R |
|   [15:0]  | ingress |           hdr.udp.dst_port[15:0]          |  pkt  |  | W | ~ | ~ | ~ | ~ | ~ | ~ | ~ | ~  | ~ | ~ | ~  | ~  | R |
|   phv327  | ingress |                                           | OL,SH |  |   |   |   |   |   |   |   |   |    |   |   |    |    |   |
|   [15:0]  | ingress |           hdr.tcp.checksum[15:0]          |  pkt  |  | W | ~ | ~ | ~ | ~ | ~ | ~ | ~ | ~  | ~ | ~ | ~  | ~  | R |
|   [15:0]  | ingress |           hdr.udp.src_port[15:0]          |  pkt  |  | W | ~ | ~ | ~ | ~ | ~ | ~ | ~ | ~  | ~ | ~ | ~  | ~  | R |
|   phv328  | ingress |                                           |       |  |   |   |   |   |   |   |   |   |    |   |   |    |    |   |
|   [15:0]  | ingress |           hdr.tcp.dst_port[15:0]          |  pkt  |  | W | ~ | ~ | ~ | ~ | ~ | ~ | ~ | ~  | ~ | ~ | ~  | ~  | R |
|   phv329  | ingress |                                           |       |  |   |   |   |   |   |   |   |   |    |   |   |    |    |   |
|   [15:0]  | ingress |           hdr.tcp.src_port[15:0]          |  pkt  |  | W | ~ | ~ | ~ | ~ | ~ | ~ | ~ | ~  | ~ | ~ | ~  | ~  | R |
|   phv330  | ingress |                                           |       |  |   |   |   |   |   |   |   |   |    |   |   |    |    |   |
|   [15:0]  | ingress |        hdr.ethernet.src_addr[15:0]        |  pkt  |  | W | ~ | ~ | ~ | ~ | ~ | ~ | ~ | ~  | ~ | ~ | ~  | ~  | R |
|   phv331  | ingress |                                           |       |  |   |   |   |   |   |   |   |   |    |   |   |    |    |   |
|   [15:0]  | ingress |        hdr.ethernet.src_addr[31:16]       |  pkt  |  | W | ~ | ~ | ~ | ~ | ~ | ~ | ~ | ~  | ~ | ~ | ~  | ~  | R |
|   phv332  | ingress |                                           |       |  |   |   |   |   |   |   |   |   |    |   |   |    |    |   |
|   [15:0]  | ingress |       hdr.ethernet.ether_type[15:0]       |  pkt  |  | W | ~ | ~ | ~ | ~ | ~ | ~ | ~ | ~  | ~ | ~ | ~  | ~  | R |
|   phv333  | ingress |                                           |       |  |   |   |   |   |   |   |   |   |    |   |   |    |    |   |
|   [15:0]  | ingress |        hdr.ethernet.src_addr[47:32]       |  pkt  |  | W | ~ | ~ | ~ | ~ | ~ | ~ | ~ | ~  | ~ | ~ | ~  | ~  | R |
|   phv334  | ingress |                                           |       |  |   |   |   |   |   |   |   |   |    |   |   |    |    |   |
|   [15:0]  | ingress |        hdr.ethernet.dst_addr[47:32]       |  pkt  |  | W | ~ | ~ | ~ | ~ | ~ | ~ | ~ | ~  | ~ | ~ | ~  | ~  | R |
|   phv335  | ingress |                                           |       |  |   |   |   |   |   |   |   |   |    |   |   |    |    |   |
|   [15:0]  | ingress | ig_intr_md_from_prsr.global_tstamp[47:32] | imeta |  | W |   |   |   |   |   |   |   |    |   |   |    |    |   |
|   phv336  |    -    |                                           |       |  |   |   |   |   |   |   |   |   |    |   |   |    |    |   |
|   phv337  |    -    |                                           |       |  |   |   |   |   |   |   |   |   |    |   |   |    |    |   |
|   phv338  |  egress |                                           |       |  |   |   |   |   |   |   |   |   |    |   |   |    |    |   |
|   [15:0]  |  egress |          hdr.ipv4.src_addr[15:0]          |  pkt  |  | W | ~ | ~ | ~ | ~ | ~ | ~ | ~ | ~  | ~ | ~ | ~  | ~  | R |
|   phv339  |  egress |                                           |       |  |   |   |   |   |   |   |   |   |    |   |   |    |    |   |
|   [15:0]  |  egress |          hdr.ipv4.src_addr[31:16]         |  pkt  |  | W | ~ | ~ | ~ | ~ | ~ | ~ | ~ | ~  | ~ | ~ | ~  | ~  | R |
|   phv340  |  egress |                                           |       |  |   |   |   |   |   |   |   |   |    |   |   |    |    |   |
|   [15:0]  |  egress |            hdr.tcp.ack_no[15:0]           |  pkt  |  | W | ~ | ~ | ~ | ~ | ~ | ~ | ~ | ~  | ~ | ~ | ~  | ~  | R |
|   phv341  |  egress |                                           |       |  |   |   |   |   |   |   |   |   |    |   |   |    |    |   |
|   [15:0]  |  egress |           hdr.tcp.ack_no[31:16]           |  pkt  |  | W | ~ | ~ | ~ | ~ | ~ | ~ | ~ | ~  | ~ | ~ | ~  | ~  | R |
|   phv342  |  egress |                                           |       |  |   |   |   |   |   |   |   |   |    |   |   |    |    |   |
|   [15:0]  |  egress |            hdr.tcp.seq_no[15:0]           |  pkt  |  | W | ~ | ~ | ~ | ~ | ~ | ~ | ~ | ~  | ~ | ~ | ~  | ~  | R |
|   phv343  |  egress |                                           |       |  |   |   |   |   |   |   |   |   |    |   |   |    |    |   |
|   [15:0]  |  egress |           hdr.tcp.seq_no[31:16]           |  pkt  |  | W | ~ | ~ | ~ | ~ | ~ | ~ | ~ | ~  | ~ | ~ | ~  | ~  | R |
|   phv344  |    -    |                                           |       |  |   |   |   |   |   |   |   |   |    |   |   |    |    |   |
|   phv345  |    -    |                                           |       |  |   |   |   |   |   |   |   |   |    |   |   |    |    |   |
|   phv346  |    -    |                                           |       |  |   |   |   |   |   |   |   |   |    |   |   |    |    |   |
|   phv347  |    -    |                                           |       |  |   |   |   |   |   |   |   |   |    |   |   |    |    |   |
|   phv348  |    -    |                                           |       |  |   |   |   |   |   |   |   |   |    |   |   |    |    |   |
|   phv349  |    -    |                                           |       |  |   |   |   |   |   |   |   |   |    |   |   |    |    |   |
|   phv350  |    -    |                                           |       |  |   |   |   |   |   |   |   |   |    |   |   |    |    |   |
|   phv351  |    -    |                                           |       |  |   |   |   |   |   |   |   |   |    |   |   |    |    |   |
|   phv352  |    -    |                                           |       |  |   |   |   |   |   |   |   |   |    |   |   |    |    |   |
|   phv353  |    -    |                                           |       |  |   |   |   |   |   |   |   |   |    |   |   |    |    |   |
|   phv354  |    -    |                                           |       |  |   |   |   |   |   |   |   |   |    |   |   |    |    |   |
|   phv355  |    -    |                                           |       |  |   |   |   |   |   |   |   |   |    |   |   |    |    |   |
|   phv356  |    -    |                                           |       |  |   |   |   |   |   |   |   |   |    |   |   |    |    |   |
|   phv357  |    -    |                                           |       |  |   |   |   |   |   |   |   |   |    |   |   |    |    |   |
|   phv358  |    -    |                                           |       |  |   |   |   |   |   |   |   |   |    |   |   |    |    |   |
|   phv359  |    -    |                                           |       |  |   |   |   |   |   |   |   |   |    |   |   |    |    |   |
|   phv360  |    -    |                                           |       |  |   |   |   |   |   |   |   |   |    |   |   |    |    |   |
|   phv361  |    -    |                                           |       |  |   |   |   |   |   |   |   |   |    |   |   |    |    |   |
|   phv362  |    -    |                                           |       |  |   |   |   |   |   |   |   |   |    |   |   |    |    |   |
|   phv363  |    -    |                                           |       |  |   |   |   |   |   |   |   |   |    |   |   |    |    |   |
|   phv364  |    -    |                                           |       |  |   |   |   |   |   |   |   |   |    |   |   |    |    |   |
|   phv365  |    -    |                                           |       |  |   |   |   |   |   |   |   |   |    |   |   |    |    |   |
|   phv366  |    -    |                                           |       |  |   |   |   |   |   |   |   |   |    |   |   |    |    |   |
|   phv367  |    -    |                                           |       |  |   |   |   |   |   |   |   |   |    |   |   |    |    |   |
------------------------------------------------------------------------------------------------------------------------------------------


Containers used: 87
Containers with data overlayed: 10  (11.49%)
Containers shared: 23  (26.44%)

------------------------
  Legend:
------------------------
   P:     Parsed
   D:     Deparsed
   OL:    Overlay
   SH:    Shared
   pkt:   Packet data
   meta:  Metadata
   imeta: Intrinsic Metadata
   pov:   Packet Occupancy Vector bit
   R:     Read
   W:     Write
   ~:     Field is live


---------------------------------------------------------------------------------------------------------------------------------------
| Direction | Location | Fields Live | Bits Live | Header Fields Live | Header Bits Live | Metadata Fields Live | Metadata Bits Live |
---------------------------------------------------------------------------------------------------------------------------------------
|  ingress  |  Parser  | 50 (89.29%) |    862    |    43 (100.00%)    |       800        |      7 (53.85%)      |         62         |
|  ingress  | Stage 0  | 50 (89.29%) |    840    |    43 (100.00%)    |       800        |      7 (53.85%)      |         40         |
|  ingress  | Stage 1  | 51 (91.07%) |    845    |    43 (100.00%)    |       800        |      8 (61.54%)      |         45         |
|  ingress  | Stage 2  | 50 (89.29%) |    824    |    43 (100.00%)    |       800        |      7 (53.85%)      |         24         |
|  ingress  | Stage 3  | 50 (89.29%) |    824    |    43 (100.00%)    |       800        |      7 (53.85%)      |         24         |
|  ingress  | Stage 4  | 51 (91.07%) |    834    |    43 (100.00%)    |       800        |      8 (61.54%)      |         34         |
|  ingress  | Stage 5  | 51 (91.07%) |    840    |    43 (100.00%)    |       800        |      8 (61.54%)      |         40         |
|  ingress  | Stage 6  | 49 (87.50%) |    808    |    43 (100.00%)    |       800        |      6 (46.15%)      |         8          |
|  ingress  | Stage 7  | 49 (87.50%) |    808    |    43 (100.00%)    |       800        |      6 (46.15%)      |         8          |
|  ingress  | Stage 8  | 49 (87.50%) |    808    |    43 (100.00%)    |       800        |      6 (46.15%)      |         8          |
|  ingress  | Stage 9  | 49 (87.50%) |    808    |    43 (100.00%)    |       800        |      6 (46.15%)      |         8          |
|  ingress  | Stage 10 | 49 (87.50%) |    808    |    43 (100.00%)    |       800        |      6 (46.15%)      |         8          |
|  ingress  | Stage 11 | 49 (87.50%) |    808    |    43 (100.00%)    |       800        |      6 (46.15%)      |         8          |
|  ingress  | Deparser | 50 (89.29%) |    824    |    43 (100.00%)    |       800        |      7 (53.85%)      |         24         |
|           |          |             |           |                    |                  |                      |                    |
|   egress  |  Parser  | 50 (83.33%) |    835    |    41 (95.35%)     |       736        |      9 (52.94%)      |         99         |
|   egress  | Stage 0  | 49 (81.67%) |    814    |    43 (100.00%)    |       800        |      6 (35.29%)      |         14         |
|   egress  | Stage 1  | 50 (83.33%) |    816    |    43 (100.00%)    |       800        |      7 (41.18%)      |         16         |
|   egress  | Stage 2  | 50 (83.33%) |    846    |    43 (100.00%)    |       800        |      7 (41.18%)      |         46         |
|   egress  | Stage 3  | 51 (85.00%) |    847    |    43 (100.00%)    |       800        |      8 (47.06%)      |         47         |
|   egress  | Stage 4  | 51 (85.00%) |    849    |    43 (100.00%)    |       800        |      8 (47.06%)      |         49         |
|   egress  | Stage 5  | 51 (85.00%) |    849    |    43 (100.00%)    |       800        |      8 (47.06%)      |         49         |
|   egress  | Stage 6  | 50 (83.33%) |    817    |    43 (100.00%)    |       800        |      7 (41.18%)      |         17         |
|   egress  | Stage 7  | 51 (85.00%) |    833    |    43 (100.00%)    |       800        |      8 (47.06%)      |         33         |
|   egress  | Stage 8  | 51 (85.00%) |    833    |    43 (100.00%)    |       800        |      8 (47.06%)      |         33         |
|   egress  | Stage 9  | 51 (85.00%) |    833    |    43 (100.00%)    |       800        |      8 (47.06%)      |         33         |
|   egress  | Stage 10 | 50 (83.33%) |    817    |    43 (100.00%)    |       800        |      7 (41.18%)      |         17         |
|   egress  | Stage 11 | 50 (83.33%) |    817    |    43 (100.00%)    |       800        |      7 (41.18%)      |         17         |
|   egress  | Deparser | 50 (83.33%) |    817    |    43 (100.00%)    |       800        |      7 (41.18%)      |         17         |
---------------------------------------------------------------------------------------------------------------------------------------




------------------------------------------------------------------------------------------------------------------------------------------------------------------------------------------------------------------------------
| Direction | Container |    Parser   |   Stage 0   |   Stage 1   |   Stage 2   |   Stage 3   |   Stage 4   |   Stage 5   |   Stage 6   |   Stage 7   |   Stage 8   |   Stage 9   |   Stage 10  |   Stage 11  |   Deparser  |
------------------------------------------------------------------------------------------------------------------------------------------------------------------------------------------------------------------------------
|  ingress  |    phv0   | 1 (32 bits) | 1 (32 bits) | 1 (32 bits) |      -      |      -      |      -      |      -      |      -      |      -      |      -      |      -      |      -      |      -      |      -      |
|  ingress  |    phv1   | 1 (32 bits) | 1 (32 bits) | 1 (32 bits) | 1 (32 bits) | 1 (32 bits) | 1 (32 bits) | 1 (32 bits) | 1 (32 bits) | 1 (32 bits) | 1 (32 bits) | 1 (32 bits) | 1 (32 bits) | 1 (32 bits) | 1 (32 bits) |
|  ingress  |    phv2   | 3 (32 bits) | 3 (32 bits) | 3 (32 bits) | 3 (32 bits) | 3 (32 bits) | 3 (32 bits) | 3 (32 bits) | 3 (32 bits) | 3 (32 bits) | 3 (32 bits) | 3 (32 bits) | 3 (32 bits) | 3 (32 bits) | 3 (32 bits) |
|  ingress  |    phv3   | 1 (32 bits) | 1 (32 bits) | 1 (32 bits) | 1 (32 bits) | 1 (32 bits) | 1 (32 bits) | 1 (32 bits) | 1 (32 bits) | 1 (32 bits) | 1 (32 bits) | 1 (32 bits) | 1 (32 bits) | 1 (32 bits) | 1 (32 bits) |
|  ingress  |    phv4   | 1 (32 bits) | 1 (32 bits) | 1 (32 bits) | 1 (32 bits) | 1 (32 bits) | 1 (32 bits) | 1 (32 bits) | 1 (32 bits) | 1 (32 bits) | 1 (32 bits) | 1 (32 bits) | 1 (32 bits) | 1 (32 bits) | 1 (32 bits) |
|  ingress  |    phv5   | 1 (32 bits) | 1 (32 bits) | 1 (32 bits) | 1 (32 bits) | 1 (32 bits) | 1 (32 bits) | 1 (32 bits) | 1 (32 bits) | 1 (32 bits) | 1 (32 bits) | 1 (32 bits) | 1 (32 bits) | 1 (32 bits) | 1 (32 bits) |
|  ingress  |    phv6   | 1 (32 bits) | 1 (32 bits) | 1 (32 bits) | 1 (32 bits) | 1 (32 bits) | 1 (32 bits) | 1 (32 bits) | 1 (32 bits) | 1 (32 bits) | 1 (32 bits) | 1 (32 bits) | 1 (32 bits) | 1 (32 bits) | 1 (32 bits) |
|  ingress  |    phv7   | 1 (32 bits) | 1 (32 bits) | 1 (32 bits) | 1 (32 bits) | 1 (32 bits) | 1 (32 bits) | 1 (32 bits) | 1 (32 bits) | 1 (32 bits) | 1 (32 bits) | 1 (32 bits) | 1 (32 bits) | 1 (32 bits) | 1 (32 bits) |
|  ingress  |    phv8   | 1 (32 bits) | 1 (32 bits) | 1 (32 bits) | 1 (32 bits) | 1 (32 bits) | 1 (32 bits) | 1 (32 bits) | 1 (32 bits) | 1 (32 bits) | 1 (32 bits) | 1 (32 bits) | 1 (32 bits) | 1 (32 bits) | 1 (32 bits) |
|  ingress  |    phv9   | 1 (32 bits) | 1 (32 bits) | 1 (32 bits) | 1 (32 bits) | 1 (32 bits) | 1 (32 bits) | 1 (32 bits) | 1 (32 bits) | 1 (32 bits) | 1 (32 bits) | 1 (32 bits) | 1 (32 bits) | 1 (32 bits) | 1 (32 bits) |
|   egress  |   phv16   |      -      |      -      |      -      |      -      | 2 (32 bits) |      -      |      -      |      -      |  1 (7 bits) |  1 (7 bits) |  1 (7 bits) |      -      |      -      |      -      |
|   egress  |   phv17   |      -      |      -      |      -      | 1 (32 bits) |      -      | 1 (32 bits) |      -      |      -      |      -      |      -      |      -      |      -      |      -      |      -      |
|   egress  |   phv18   | 1 (18 bits) |      -      |      -      |      -      |      -      |      -      | 1 (32 bits) |      -      |      -      |      -      |      -      |      -      |      -      |      -      |
|   egress  |   phv19   | 1 (32 bits) | 1 (32 bits) | 1 (32 bits) | 1 (32 bits) | 1 (32 bits) | 1 (32 bits) | 1 (32 bits) | 1 (32 bits) | 1 (32 bits) | 1 (32 bits) | 1 (32 bits) | 1 (32 bits) | 1 (32 bits) | 1 (32 bits) |
|   egress  |   phv20   | 1 (32 bits) | 1 (32 bits) | 1 (32 bits) | 1 (32 bits) | 1 (32 bits) | 1 (32 bits) | 1 (32 bits) | 1 (32 bits) | 1 (32 bits) | 1 (32 bits) | 1 (32 bits) | 1 (32 bits) | 1 (32 bits) | 1 (32 bits) |
|   egress  |   phv21   | 1 (19 bits) |      -      |      -      |      -      |      -      |      -      |      -      |      -      |  1 (9 bits) |  1 (9 bits) |  1 (9 bits) |      -      |      -      |      -      |
|   egress  |   phv22   | 1 (32 bits) | 1 (32 bits) | 1 (32 bits) | 1 (32 bits) | 1 (32 bits) | 1 (32 bits) | 1 (32 bits) | 1 (32 bits) | 1 (32 bits) | 1 (32 bits) | 1 (32 bits) | 1 (32 bits) | 1 (32 bits) | 1 (32 bits) |
|   egress  |   phv23   | 1 (32 bits) |      -      |      -      |      -      |      -      |      -      |      -      |      -      |      -      |      -      |      -      |      -      |      -      |      -      |
|   egress  |   phv24   |      -      | 1 (32 bits) | 1 (32 bits) | 1 (32 bits) | 1 (32 bits) | 1 (32 bits) | 1 (32 bits) | 1 (32 bits) | 1 (32 bits) | 1 (32 bits) | 1 (32 bits) | 1 (32 bits) | 1 (32 bits) | 1 (32 bits) |
|   egress  |   phv25   | 3 (32 bits) | 3 (32 bits) | 3 (32 bits) | 3 (32 bits) | 3 (32 bits) | 3 (32 bits) | 3 (32 bits) | 3 (32 bits) | 3 (32 bits) | 3 (32 bits) | 3 (32 bits) | 3 (32 bits) | 3 (32 bits) | 3 (32 bits) |
|   egress  |   phv26   |      -      | 1 (32 bits) | 1 (32 bits) | 1 (32 bits) | 1 (32 bits) | 1 (32 bits) | 1 (32 bits) | 1 (32 bits) | 1 (32 bits) | 1 (32 bits) | 1 (32 bits) | 1 (32 bits) | 1 (32 bits) | 1 (32 bits) |
|   egress  |   phv27   | 1 (32 bits) | 1 (32 bits) | 1 (32 bits) | 1 (32 bits) | 1 (32 bits) | 1 (32 bits) | 1 (32 bits) | 1 (32 bits) | 1 (32 bits) | 1 (32 bits) | 1 (32 bits) | 1 (32 bits) | 1 (32 bits) | 1 (32 bits) |
|           |           |             |             |             |             |             |             |             |             |             |             |             |             |             |             |
|  ingress  |   phv64   |  1 (8 bits) |  1 (8 bits) |  1 (8 bits) |  1 (8 bits) |  1 (8 bits) |  1 (8 bits) |  1 (8 bits) |  1 (8 bits) |  1 (8 bits) |  1 (8 bits) |  1 (8 bits) |  1 (8 bits) |  1 (8 bits) |  1 (8 bits) |
|  ingress  |   phv65   |      -      |  1 (3 bits) |  1 (3 bits) |  1 (3 bits) |  1 (3 bits) |  2 (5 bits) |  1 (3 bits) |  1 (3 bits) |  1 (3 bits) |  1 (3 bits) |  1 (3 bits) |  1 (3 bits) |  1 (3 bits) |  1 (3 bits) |
|  ingress  |   phv66   |  2 (8 bits) |  2 (8 bits) |  2 (8 bits) |  2 (8 bits) |  2 (8 bits) |  2 (8 bits) |  2 (8 bits) |  2 (8 bits) |  2 (8 bits) |  2 (8 bits) |  2 (8 bits) |  2 (8 bits) |  2 (8 bits) |  2 (8 bits) |
|  ingress  |   phv67   |      -      |      -      |  1 (5 bits) |      -      |      -      |      -      |      -      |      -      |      -      |      -      |      -      |      -      |      -      |      -      |
|  ingress  |   phv68   |  5 (5 bits) |  5 (5 bits) |  5 (5 bits) |  5 (5 bits) |  5 (5 bits) |  5 (5 bits) |  5 (5 bits) |  5 (5 bits) |  5 (5 bits) |  5 (5 bits) |  5 (5 bits) |  5 (5 bits) |  5 (5 bits) |  5 (5 bits) |
|  ingress  |   phv69   |      -      |      -      |      -      |      -      |      -      |  1 (8 bits) |      -      |      -      |      -      |      -      |      -      |      -      |      -      |      -      |
|   egress  |   phv80   |      -      |      -      |      -      |      -      |      -      |  1 (3 bits) |  1 (3 bits) |  1 (3 bits) |  1 (3 bits) |  1 (3 bits) |  1 (3 bits) |  1 (3 bits) |  1 (3 bits) |  1 (3 bits) |
|   egress  |   phv81   |  5 (5 bits) |  5 (5 bits) |  5 (5 bits) |  5 (5 bits) |  5 (5 bits) |  5 (5 bits) |  5 (5 bits) |  5 (5 bits) |  5 (5 bits) |  5 (5 bits) |  5 (5 bits) |  5 (5 bits) |  5 (5 bits) |  5 (5 bits) |
|   egress  |   phv82   |      -      |      -      |  1 (2 bits) |      -      |      -      |      -      |      -      |      -      |      -      |      -      |      -      |      -      |      -      |      -      |
|           |           |             |             |             |             |             |             |             |             |             |             |             |             |             |             |
|  ingress  |   phv128  |      -      |      -      |      -      |      -      |      -      |      -      |      -      |      -      |      -      |      -      |      -      |      -      |      -      | 1 (16 bits) |
|  ingress  |   phv129  |      -      |      -      |      -      | 1 (16 bits) | 1 (16 bits) | 1 (16 bits) | 1 (16 bits) |      -      |      -      |      -      |      -      |      -      |      -      |      -      |
|  ingress  |   phv130  |      -      |      -      |      -      |      -      |      -      |      -      | 1 (16 bits) |      -      |      -      |      -      |      -      |      -      |      -      |      -      |
|  ingress  |   phv131  |  1 (9 bits) |      -      |      -      |      -      |      -      |      -      |      -      |      -      |      -      |      -      |      -      |      -      |      -      |      -      |
|   egress  |   phv144  |  1 (9 bits) |  1 (9 bits) |  1 (9 bits) |  1 (9 bits) |  1 (9 bits) |  1 (9 bits) |  1 (9 bits) |  1 (9 bits) |  1 (9 bits) |  1 (9 bits) |  1 (9 bits) |  1 (9 bits) |  1 (9 bits) |  1 (9 bits) |
|   egress  |   phv145  | 1 (16 bits) | 1 (16 bits) | 1 (16 bits) | 1 (16 bits) | 1 (16 bits) | 1 (16 bits) | 1 (16 bits) | 1 (16 bits) | 1 (16 bits) | 1 (16 bits) | 1 (16 bits) | 1 (16 bits) | 1 (16 bits) | 1 (16 bits) |
|           |           |             |             |             |             |             |             |             |             |             |             |             |             |             |             |
|   egress  |   phv256  | 4 (32 bits) | 4 (32 bits) | 4 (32 bits) | 4 (32 bits) | 4 (32 bits) | 4 (32 bits) | 4 (32 bits) | 4 (32 bits) | 4 (32 bits) | 4 (32 bits) | 4 (32 bits) | 4 (32 bits) | 4 (32 bits) | 4 (32 bits) |
|   egress  |   phv257  | 6 (32 bits) | 6 (32 bits) | 6 (32 bits) | 6 (32 bits) | 6 (32 bits) | 6 (32 bits) | 6 (32 bits) | 6 (32 bits) | 6 (32 bits) | 6 (32 bits) | 6 (32 bits) | 6 (32 bits) | 6 (32 bits) | 6 (32 bits) |
|   egress  |   phv258  | 3 (32 bits) | 3 (32 bits) | 3 (32 bits) | 3 (32 bits) | 3 (32 bits) | 3 (32 bits) | 3 (32 bits) | 3 (32 bits) | 3 (32 bits) | 3 (32 bits) | 3 (32 bits) | 3 (32 bits) | 3 (32 bits) | 3 (32 bits) |
|   egress  |   phv259  | 3 (32 bits) | 3 (32 bits) | 3 (32 bits) | 3 (32 bits) | 3 (32 bits) | 3 (32 bits) | 3 (32 bits) | 3 (32 bits) | 3 (32 bits) | 3 (32 bits) | 3 (32 bits) | 3 (32 bits) | 3 (32 bits) | 3 (32 bits) |
|  ingress  |   phv260  | 4 (32 bits) | 4 (32 bits) | 4 (32 bits) | 4 (32 bits) | 4 (32 bits) | 4 (32 bits) | 4 (32 bits) | 4 (32 bits) | 4 (32 bits) | 4 (32 bits) | 4 (32 bits) | 4 (32 bits) | 4 (32 bits) | 4 (32 bits) |
|  ingress  |   phv261  | 6 (32 bits) | 6 (32 bits) | 6 (32 bits) | 6 (32 bits) | 6 (32 bits) | 6 (32 bits) | 6 (32 bits) | 6 (32 bits) | 6 (32 bits) | 6 (32 bits) | 6 (32 bits) | 6 (32 bits) | 6 (32 bits) | 6 (32 bits) |
|  ingress  |   phv262  | 3 (32 bits) | 3 (32 bits) | 3 (32 bits) | 3 (32 bits) | 3 (32 bits) | 3 (32 bits) | 3 (32 bits) | 3 (32 bits) | 3 (32 bits) | 3 (32 bits) | 3 (32 bits) | 3 (32 bits) | 3 (32 bits) | 3 (32 bits) |
|  ingress  |   phv263  | 3 (32 bits) | 3 (32 bits) | 3 (32 bits) | 3 (32 bits) | 3 (32 bits) | 3 (32 bits) | 3 (32 bits) | 3 (32 bits) | 3 (32 bits) | 3 (32 bits) | 3 (32 bits) | 3 (32 bits) | 3 (32 bits) | 3 (32 bits) |
|  ingress  |   phv264  | 1 (32 bits) | 1 (32 bits) | 1 (32 bits) | 1 (32 bits) | 1 (32 bits) | 1 (32 bits) | 1 (32 bits) | 1 (32 bits) | 1 (32 bits) | 1 (32 bits) | 1 (32 bits) | 1 (32 bits) | 1 (32 bits) | 1 (32 bits) |
|  ingress  |   phv265  | 1 (32 bits) | 1 (32 bits) | 1 (32 bits) | 1 (32 bits) | 1 (32 bits) | 1 (32 bits) | 1 (32 bits) | 1 (32 bits) | 1 (32 bits) | 1 (32 bits) | 1 (32 bits) | 1 (32 bits) | 1 (32 bits) | 1 (32 bits) |
|  ingress  |   phv266  | 1 (32 bits) | 1 (32 bits) | 1 (32 bits) | 1 (32 bits) | 1 (32 bits) | 1 (32 bits) | 1 (32 bits) | 1 (32 bits) | 1 (32 bits) | 1 (32 bits) | 1 (32 bits) | 1 (32 bits) | 1 (32 bits) | 1 (32 bits) |
|  ingress  |   phv267  | 1 (32 bits) | 1 (32 bits) | 1 (32 bits) | 1 (32 bits) | 1 (32 bits) | 1 (32 bits) | 1 (32 bits) | 1 (32 bits) | 1 (32 bits) | 1 (32 bits) | 1 (32 bits) | 1 (32 bits) | 1 (32 bits) | 1 (32 bits) |
|   egress  |   phv268  | 1 (32 bits) | 1 (32 bits) | 1 (32 bits) | 1 (32 bits) | 1 (32 bits) | 1 (32 bits) | 1 (32 bits) | 1 (32 bits) | 1 (32 bits) | 1 (32 bits) | 1 (32 bits) | 1 (32 bits) | 1 (32 bits) | 1 (32 bits) |
|   egress  |   phv269  | 1 (32 bits) | 1 (32 bits) | 1 (32 bits) | 1 (32 bits) | 1 (32 bits) | 1 (32 bits) | 1 (32 bits) | 1 (32 bits) | 1 (32 bits) | 1 (32 bits) | 1 (32 bits) | 1 (32 bits) | 1 (32 bits) | 1 (32 bits) |
|   egress  |   phv270  | 1 (32 bits) | 1 (32 bits) | 1 (32 bits) | 1 (32 bits) | 1 (32 bits) | 1 (32 bits) | 1 (32 bits) | 1 (32 bits) | 1 (32 bits) | 1 (32 bits) | 1 (32 bits) | 1 (32 bits) | 1 (32 bits) | 1 (32 bits) |
|   egress  |   phv271  | 1 (32 bits) | 1 (32 bits) | 1 (32 bits) | 1 (32 bits) | 1 (32 bits) | 1 (32 bits) | 1 (32 bits) | 1 (32 bits) | 1 (32 bits) | 1 (32 bits) | 1 (32 bits) | 1 (32 bits) | 1 (32 bits) | 1 (32 bits) |
|           |           |             |             |             |             |             |             |             |             |             |             |             |             |             |             |
|   egress  |   phv288  |  2 (8 bits) |  2 (8 bits) |  2 (8 bits) |  2 (8 bits) |  2 (8 bits) |  2 (8 bits) |  2 (8 bits) |  2 (8 bits) |  2 (8 bits) |  2 (8 bits) |  2 (8 bits) |  2 (8 bits) |  2 (8 bits) |  2 (8 bits) |
|   egress  |   phv289  |  1 (8 bits) |  1 (8 bits) |  1 (8 bits) |  1 (8 bits) |  1 (8 bits) |  1 (8 bits) |  1 (8 bits) |  1 (8 bits) |  1 (8 bits) |  1 (8 bits) |  1 (8 bits) |  1 (8 bits) |  1 (8 bits) |  1 (8 bits) |
|   egress  |   phv290  |  1 (8 bits) |  1 (8 bits) |  1 (8 bits) |  1 (8 bits) |  1 (8 bits) |  1 (8 bits) |  1 (8 bits) |  1 (8 bits) |  1 (8 bits) |  1 (8 bits) |  1 (8 bits) |  1 (8 bits) |  1 (8 bits) |  1 (8 bits) |
|   egress  |   phv291  |  1 (8 bits) |  1 (8 bits) |  1 (8 bits) |  1 (8 bits) |  1 (8 bits) |  1 (8 bits) |  1 (8 bits) |  1 (8 bits) |  1 (8 bits) |  1 (8 bits) |  1 (8 bits) |  1 (8 bits) |  1 (8 bits) |  1 (8 bits) |
|  ingress  |   phv292  |  1 (8 bits) |  1 (8 bits) |  1 (8 bits) |  1 (8 bits) |  1 (8 bits) |  1 (8 bits) |  1 (8 bits) |  1 (8 bits) |  1 (8 bits) |  1 (8 bits) |  1 (8 bits) |  1 (8 bits) |  1 (8 bits) |  1 (8 bits) |
|  ingress  |   phv293  |  1 (8 bits) |  1 (8 bits) |  1 (8 bits) |  1 (8 bits) |  1 (8 bits) |  1 (8 bits) |  1 (8 bits) |  1 (8 bits) |  1 (8 bits) |  1 (8 bits) |  1 (8 bits) |  1 (8 bits) |  1 (8 bits) |  1 (8 bits) |
|  ingress  |   phv294  |  1 (8 bits) |  1 (8 bits) |  1 (8 bits) |  1 (8 bits) |  1 (8 bits) |  1 (8 bits) |  1 (8 bits) |  1 (8 bits) |  1 (8 bits) |  1 (8 bits) |  1 (8 bits) |  1 (8 bits) |  1 (8 bits) |  1 (8 bits) |
|  ingress  |   phv295  |  1 (8 bits) |  1 (8 bits) |  1 (8 bits) |  1 (8 bits) |  1 (8 bits) |  1 (8 bits) |  1 (8 bits) |  1 (8 bits) |  1 (8 bits) |  1 (8 bits) |  1 (8 bits) |  1 (8 bits) |  1 (8 bits) |  1 (8 bits) |
|   egress  |   phv300  |  1 (8 bits) |  1 (8 bits) |  1 (8 bits) |  1 (8 bits) |  1 (8 bits) |  1 (8 bits) |  1 (8 bits) |  1 (8 bits) |  1 (8 bits) |  1 (8 bits) |  1 (8 bits) |  1 (8 bits) |  1 (8 bits) |  1 (8 bits) |
|   egress  |   phv301  |  1 (8 bits) |  1 (8 bits) |  1 (8 bits) |  1 (8 bits) |  1 (8 bits) |  1 (8 bits) |  1 (8 bits) |  1 (8 bits) |  1 (8 bits) |  1 (8 bits) |  1 (8 bits) |  1 (8 bits) |  1 (8 bits) |  1 (8 bits) |
|   egress  |   phv302  |  1 (8 bits) |      -      |      -      |      -      |      -      |      -      |      -      |      -      |      -      |      -      |      -      |      -      |      -      |      -      |
|   egress  |   phv303  |  1 (8 bits) |      -      |      -      |      -      |      -      |      -      |      -      |      -      |      -      |      -      |      -      |      -      |      -      |      -      |
|           |           |             |             |             |             |             |             |             |             |             |             |             |             |             |             |
|   egress  |   phv320  | 2 (16 bits) | 2 (16 bits) | 2 (16 bits) | 2 (16 bits) | 2 (16 bits) | 2 (16 bits) | 2 (16 bits) | 2 (16 bits) | 2 (16 bits) | 2 (16 bits) | 2 (16 bits) | 2 (16 bits) | 2 (16 bits) | 2 (16 bits) |
|   egress  |   phv321  | 2 (16 bits) | 2 (16 bits) | 2 (16 bits) | 2 (16 bits) | 2 (16 bits) | 2 (16 bits) | 2 (16 bits) | 2 (16 bits) | 2 (16 bits) | 2 (16 bits) | 2 (16 bits) | 2 (16 bits) | 2 (16 bits) | 2 (16 bits) |
|   egress  |   phv322  | 1 (16 bits) | 1 (16 bits) | 1 (16 bits) | 1 (16 bits) | 1 (16 bits) | 1 (16 bits) | 1 (16 bits) | 1 (16 bits) | 1 (16 bits) | 1 (16 bits) | 1 (16 bits) | 1 (16 bits) | 1 (16 bits) | 1 (16 bits) |
|   egress  |   phv323  | 1 (16 bits) | 1 (16 bits) | 1 (16 bits) | 1 (16 bits) | 1 (16 bits) | 1 (16 bits) | 1 (16 bits) | 1 (16 bits) | 1 (16 bits) | 1 (16 bits) | 1 (16 bits) | 1 (16 bits) | 1 (16 bits) | 1 (16 bits) |
|   egress  |   phv324  | 1 (16 bits) | 1 (16 bits) | 1 (16 bits) | 1 (16 bits) | 1 (16 bits) | 1 (16 bits) | 1 (16 bits) | 1 (16 bits) | 1 (16 bits) | 1 (16 bits) | 1 (16 bits) | 1 (16 bits) | 1 (16 bits) | 1 (16 bits) |
|   egress  |   phv325  | 1 (16 bits) | 1 (16 bits) | 1 (16 bits) | 1 (16 bits) | 1 (16 bits) | 1 (16 bits) | 1 (16 bits) | 1 (16 bits) | 1 (16 bits) | 1 (16 bits) | 1 (16 bits) | 1 (16 bits) | 1 (16 bits) | 1 (16 bits) |
|  ingress  |   phv326  | 2 (16 bits) | 2 (16 bits) | 2 (16 bits) | 2 (16 bits) | 2 (16 bits) | 2 (16 bits) | 2 (16 bits) | 2 (16 bits) | 2 (16 bits) | 2 (16 bits) | 2 (16 bits) | 2 (16 bits) | 2 (16 bits) | 2 (16 bits) |
|  ingress  |   phv327  | 2 (16 bits) | 2 (16 bits) | 2 (16 bits) | 2 (16 bits) | 2 (16 bits) | 2 (16 bits) | 2 (16 bits) | 2 (16 bits) | 2 (16 bits) | 2 (16 bits) | 2 (16 bits) | 2 (16 bits) | 2 (16 bits) | 2 (16 bits) |
|  ingress  |   phv328  | 1 (16 bits) | 1 (16 bits) | 1 (16 bits) | 1 (16 bits) | 1 (16 bits) | 1 (16 bits) | 1 (16 bits) | 1 (16 bits) | 1 (16 bits) | 1 (16 bits) | 1 (16 bits) | 1 (16 bits) | 1 (16 bits) | 1 (16 bits) |
|  ingress  |   phv329  | 1 (16 bits) | 1 (16 bits) | 1 (16 bits) | 1 (16 bits) | 1 (16 bits) | 1 (16 bits) | 1 (16 bits) | 1 (16 bits) | 1 (16 bits) | 1 (16 bits) | 1 (16 bits) | 1 (16 bits) | 1 (16 bits) | 1 (16 bits) |
|  ingress  |   phv330  | 1 (16 bits) | 1 (16 bits) | 1 (16 bits) | 1 (16 bits) | 1 (16 bits) | 1 (16 bits) | 1 (16 bits) | 1 (16 bits) | 1 (16 bits) | 1 (16 bits) | 1 (16 bits) | 1 (16 bits) | 1 (16 bits) | 1 (16 bits) |
|  ingress  |   phv331  | 1 (16 bits) | 1 (16 bits) | 1 (16 bits) | 1 (16 bits) | 1 (16 bits) | 1 (16 bits) | 1 (16 bits) | 1 (16 bits) | 1 (16 bits) | 1 (16 bits) | 1 (16 bits) | 1 (16 bits) | 1 (16 bits) | 1 (16 bits) |
|  ingress  |   phv332  | 1 (16 bits) | 1 (16 bits) | 1 (16 bits) | 1 (16 bits) | 1 (16 bits) | 1 (16 bits) | 1 (16 bits) | 1 (16 bits) | 1 (16 bits) | 1 (16 bits) | 1 (16 bits) | 1 (16 bits) | 1 (16 bits) | 1 (16 bits) |
|  ingress  |   phv333  | 1 (16 bits) | 1 (16 bits) | 1 (16 bits) | 1 (16 bits) | 1 (16 bits) | 1 (16 bits) | 1 (16 bits) | 1 (16 bits) | 1 (16 bits) | 1 (16 bits) | 1 (16 bits) | 1 (16 bits) | 1 (16 bits) | 1 (16 bits) |
|  ingress  |   phv334  | 1 (16 bits) | 1 (16 bits) | 1 (16 bits) | 1 (16 bits) | 1 (16 bits) | 1 (16 bits) | 1 (16 bits) | 1 (16 bits) | 1 (16 bits) | 1 (16 bits) | 1 (16 bits) | 1 (16 bits) | 1 (16 bits) | 1 (16 bits) |
|  ingress  |   phv335  | 1 (16 bits) |      -      |      -      |      -      |      -      |      -      |      -      |      -      |      -      |      -      |      -      |      -      |      -      |      -      |
|   egress  |   phv338  | 1 (16 bits) | 1 (16 bits) | 1 (16 bits) | 1 (16 bits) | 1 (16 bits) | 1 (16 bits) | 1 (16 bits) | 1 (16 bits) | 1 (16 bits) | 1 (16 bits) | 1 (16 bits) | 1 (16 bits) | 1 (16 bits) | 1 (16 bits) |
|   egress  |   phv339  | 1 (16 bits) | 1 (16 bits) | 1 (16 bits) | 1 (16 bits) | 1 (16 bits) | 1 (16 bits) | 1 (16 bits) | 1 (16 bits) | 1 (16 bits) | 1 (16 bits) | 1 (16 bits) | 1 (16 bits) | 1 (16 bits) | 1 (16 bits) |
|   egress  |   phv340  | 1 (16 bits) | 1 (16 bits) | 1 (16 bits) | 1 (16 bits) | 1 (16 bits) | 1 (16 bits) | 1 (16 bits) | 1 (16 bits) | 1 (16 bits) | 1 (16 bits) | 1 (16 bits) | 1 (16 bits) | 1 (16 bits) | 1 (16 bits) |
|   egress  |   phv341  | 1 (16 bits) | 1 (16 bits) | 1 (16 bits) | 1 (16 bits) | 1 (16 bits) | 1 (16 bits) | 1 (16 bits) | 1 (16 bits) | 1 (16 bits) | 1 (16 bits) | 1 (16 bits) | 1 (16 bits) | 1 (16 bits) | 1 (16 bits) |
|   egress  |   phv342  | 1 (16 bits) | 1 (16 bits) | 1 (16 bits) | 1 (16 bits) | 1 (16 bits) | 1 (16 bits) | 1 (16 bits) | 1 (16 bits) | 1 (16 bits) | 1 (16 bits) | 1 (16 bits) | 1 (16 bits) | 1 (16 bits) | 1 (16 bits) |
|   egress  |   phv343  | 1 (16 bits) | 1 (16 bits) | 1 (16 bits) | 1 (16 bits) | 1 (16 bits) | 1 (16 bits) | 1 (16 bits) | 1 (16 bits) | 1 (16 bits) | 1 (16 bits) | 1 (16 bits) | 1 (16 bits) | 1 (16 bits) | 1 (16 bits) |
------------------------------------------------------------------------------------------------------------------------------------------------------------------------------------------------------------------------------

