Table allocation done 1 time(s), state = INITIAL
Number of stages in table allocation: 10
  Number of stages for ingress table allocation: 8
  Number of stages for egress table allocation: 10
Critical path length through the table dependency graph: 6
Invoking table placement without container conflicts to generate a more compact placement.
Number of tables allocated: 30
+-------+---------------------------------+
|Stage  |Table Name                       |
+-------+---------------------------------+
|0      |Egress.mod_header_t              |
|0      |Egress.update_seq_eg_t           |
|0      |Egress.mod_dst_mac_t             |
|0      |Ingress.drop_recirc_t            |
|0      |Ingress.multicast_t              |
|1      |Ingress.update_seq_ig_t          |
|1      |Ingress.set_p4_header_t          |
|1      |Ingress.set_meter_t              |
|1      |Egress.process_t                 |
|2      |Ingress.set_drop_prob_t          |
|2      |Ingress.get_drop_prob_t          |
|2      |Egress.set_writer_t              |
|2      |Egress.get_writer_t              |
|3      |Ingress.get_aver_qdepth_t        |
|3      |Ingress.set_aver_qdepth_t        |
|3      |Ingress.get_seq_recirc_t         |
|3      |Ingress.set_seq_recirc_t         |
|3      |Egress.get_and_set_sum_qdepth_t  |
|3      |Egress.get_and_set_reader_t      |
|4      |Egress.get_aver_qdepth_t         |
|4      |Ingress.get_rndnum_t             |
|4      |tbl_asicred917                   |
|5      |Ingress.get_diff_t               |
|5      |Egress.get_weighted_qdepth_t     |
|6      |Egress.set_qdepth_t              |
|6      |Egress.get_ewma_t                |
|7      |Ingress.drop_t                   |
|7      |Egress.get_qdepth_t              |
|8      |Egress.map_qdepth_to_prob_t      |
|9      |Egress.map_qdepth_to_prob_t      |
|0      |cond-8                           |
|0      |cond-9                           |
|2      |cond-10                          |
|4      |cond-11                          |
|7      |cond-12                          |
|2      |cond-13                          |
|4      |cond-14                          |
+-------+---------------------------------+

Table allocation done 2 time(s), state = NOCC_TRY1
Number of stages in table allocation: 10
  Number of stages for ingress table allocation: 8
  Number of stages for egress table allocation: 10
Critical path length through the table dependency graph: 6
Number of tables allocated: 30
+-------+---------------------------------+
|Stage  |Table Name                       |
+-------+---------------------------------+
|0      |Egress.mod_header_t              |
|0      |Egress.update_seq_eg_t           |
|0      |Egress.mod_dst_mac_t             |
|0      |Ingress.drop_recirc_t            |
|0      |Ingress.multicast_t              |
|1      |Ingress.update_seq_ig_t          |
|1      |Ingress.set_p4_header_t          |
|1      |Ingress.set_meter_t              |
|1      |Egress.process_t                 |
|2      |Ingress.set_drop_prob_t          |
|2      |Ingress.get_drop_prob_t          |
|2      |Egress.set_writer_t              |
|2      |Egress.get_writer_t              |
|3      |Ingress.get_aver_qdepth_t        |
|3      |Ingress.set_aver_qdepth_t        |
|3      |Ingress.get_seq_recirc_t         |
|3      |Ingress.set_seq_recirc_t         |
|3      |Egress.get_and_set_sum_qdepth_t  |
|3      |Egress.get_and_set_reader_t      |
|4      |Egress.get_aver_qdepth_t         |
|4      |Ingress.get_rndnum_t             |
|4      |tbl_asicred917                   |
|5      |Ingress.get_diff_t               |
|5      |Egress.get_weighted_qdepth_t     |
|6      |Egress.set_qdepth_t              |
|6      |Egress.get_ewma_t                |
|7      |Ingress.drop_t                   |
|7      |Egress.get_qdepth_t              |
|8      |Egress.map_qdepth_to_prob_t      |
|9      |Egress.map_qdepth_to_prob_t      |
|0      |cond-8                           |
|0      |cond-9                           |
|2      |cond-10                          |
|4      |cond-11                          |
|7      |cond-12                          |
|2      |cond-13                          |
|4      |cond-14                          |
+-------+---------------------------------+

Table allocation done 3 time(s), state = REDO_PHV1
Number of stages in table allocation: 10
  Number of stages for ingress table allocation: 8
  Number of stages for egress table allocation: 10
Critical path length through the table dependency graph: 6
Number of tables allocated: 30
+-------+---------------------------------+
|Stage  |Table Name                       |
+-------+---------------------------------+
|0      |Egress.mod_header_t              |
|0      |Egress.update_seq_eg_t           |
|0      |Egress.mod_dst_mac_t             |
|0      |Ingress.drop_recirc_t            |
|0      |Ingress.multicast_t              |
|1      |Ingress.update_seq_ig_t          |
|1      |Ingress.set_p4_header_t          |
|1      |Ingress.set_meter_t              |
|1      |Egress.process_t                 |
|2      |Ingress.set_drop_prob_t          |
|2      |Ingress.get_drop_prob_t          |
|2      |Egress.set_writer_t              |
|2      |Egress.get_writer_t              |
|3      |Ingress.get_aver_qdepth_t        |
|3      |Ingress.set_aver_qdepth_t        |
|3      |Ingress.get_seq_recirc_t         |
|3      |Ingress.set_seq_recirc_t         |
|3      |Egress.get_and_set_sum_qdepth_t  |
|3      |Egress.get_and_set_reader_t      |
|4      |Egress.get_aver_qdepth_t         |
|4      |Ingress.get_rndnum_t             |
|4      |tbl_asicred917                   |
|5      |Ingress.get_diff_t               |
|5      |Egress.get_weighted_qdepth_t     |
|6      |Egress.set_qdepth_t              |
|6      |Egress.get_ewma_t                |
|7      |Ingress.drop_t                   |
|7      |Egress.get_qdepth_t              |
|8      |Egress.map_qdepth_to_prob_t      |
|9      |Egress.map_qdepth_to_prob_t      |
|0      |cond-8                           |
|0      |cond-9                           |
|2      |cond-10                          |
|4      |cond-11                          |
|7      |cond-12                          |
|2      |cond-13                          |
|4      |cond-14                          |
+-------+---------------------------------+

